#
# A fatal error has been detected by the Java Runtime Environment:
#
#  EXCEPTION_UNCAUGHT_CXX_EXCEPTION (0xe06d7363) at pc=0x00007ffacf9053ac, pid=19220, tid=16856
#
# JRE version: Java(TM) SE Runtime Environment (20.0.2+9) (build 20.0.2+9-78)
# Java VM: Java HotSpot(TM) 64-Bit Server VM (20.0.2+9-78, mixed mode, sharing, tiered, compressed oops, compressed class ptrs, g1 gc, windows-amd64)
# Problematic frame:
# C  [KERNELBASE.dll+0x653ac]
#
# No core dump will be written. Minidumps are not enabled by default on client versions of Windows
#
# If you would like to submit a bug report, please visit:
#   https://bugreport.java.com/bugreport/crash.jsp
# The crash happened outside the Java Virtual Machine in native code.
# See problematic frame for where to report the bug.
#

---------------  S U M M A R Y ------------

Command Line: -Dfile.encoding=windows-1252 -Duser.country=US -Duser.language=en -Duser.variant com.sarmich.timetable.google.or.generate.Main

Host: 11th Gen Intel(R) Core(TM) i5-1135G7 @ 2.40GHz, 8 cores, 19G,  Windows 11 , 64 bit Build 22621 (10.0.22621.3374)
Time: Thu May 16 23:53:18 2024 West Asia Standard Time elapsed time: 23.926880 seconds (0d 0h 0m 23s)

---------------  T H R E A D  ---------------

Current thread (0x000001aec9579c80):  JavaThread "main" [_thread_in_native, id=16856, stack(0x00000019fa700000,0x00000019fa800000)]

Stack: [0x00000019fa700000,0x00000019fa800000],  sp=0x00000019fa7fd220,  free space=1012k
Native frames: (J=compiled Java code, j=interpreted, Vv=VM code, C=native code)
C  [KERNELBASE.dll+0x653ac]
C  [VCRUNTIME140.dll+0x66c0]
C  [jniortools.dll+0x2edd5]

Java frames: (J=compiled Java code, j=interpreted, Vv=VM code)
j  com.google.ortools.sat.mainJNI.SolveWrapper_solve(JLcom/google/ortools/sat/SolveWrapper;[B)[B+0
j  com.google.ortools.sat.SolveWrapper.solve(Lcom/google/ortools/sat/CpModelProto;)Lcom/google/ortools/sat/CpSolverResponse;+9
j  com.google.ortools.sat.CpSolver.solve(Lcom/google/ortools/sat/CpModel;Lcom/google/ortools/sat/CpSolverSolutionCallback;)Lcom/google/ortools/sat/CpSolverStatus;+57
j  com.sarmich.timetable.google.or.generate.SchedulingProblem.generate(Ljava/util/List;)V+2028
j  com.sarmich.timetable.google.or.generate.Main.main([Ljava/lang/String;)V+3
v  ~StubRoutines::call_stub 0x000001aed8b610e7

siginfo: EXCEPTION_UNCAUGHT_CXX_EXCEPTION (0xe06d7363), ExceptionInformation=0x0000000019930520 0x00000019fa7fd380 0x00007ffa7b5b2270 0x00007ffa7a180000 


Registers:
RAX=0x0000000000000000, RBX=0x00007ffa7b5b2270, RCX=0x00007ffa97cf9930, RDX=0x00007ffad257287a
RSP=0x00000019fa7fd220, RBP=0x00000019fa7fd450, RSI=0x00000019fa7fd380, RDI=0x0000000019930520
R8 =0x000001aec957a220, R9 =0x000001aec957a1d0, R10=0x00007ffa7ebcf2d3, R11=0x00007ffa97ce0110
R12=0x00000019fa7fef90, R13=0xfffffffffffffff0, R14=0x0000000000000000, R15=0x0000000000000008
RIP=0x00007ffacf9053ac, EFLAGS=0x0000000000000202


Register to memory mapping:

RIP=0x00007ffacf9053ac KERNELBASE.dll
RAX=0x0 is NULL
RBX=0x00007ffa7b5b2270 jniortools.dll
RCX=0x00007ffa97cf9930 java.dll
RDX=0x00007ffad257287a ntdll.dll
RSP=0x00000019fa7fd220 is pointing into the stack for thread: 0x000001aec9579c80
RBP=0x00000019fa7fd450 is pointing into the stack for thread: 0x000001aec9579c80
RSI=0x00000019fa7fd380 is pointing into the stack for thread: 0x000001aec9579c80
RDI=0x0000000019930520 is an unknown value
R8 =0x000001aec957a220 points into unknown readable memory: 0x76616a5f6176614a | 4a 61 76 61 5f 6a 61 76
R9 =0x000001aec957a1d0 points into unknown readable memory: 0x0000000000000000 | 00 00 00 00 00 00 00 00
R10=0x00007ffa7ebcf2d3 jvm.dll
R11=0x00007ffa97ce0110 java.dll
R12=0x00000019fa7fef90 is pointing into the stack for thread: 0x000001aec9579c80
R13=0xfffffffffffffff0 is an unknown value
R14=0x0 is NULL
R15=0x0000000000000008 is an unknown value


Top of Stack: (sp=0x00000019fa7fd220)
0x00000019fa7fd220:   000001aee9f20c80 00007ffa7b5b2270
0x00000019fa7fd230:   00000019fa7fd380 00007ffad258ab11
0x00000019fa7fd240:   00000081e06d7363 0000000000000000
0x00000019fa7fd250:   00007ffacf9053ac 0000000000000004
0x00000019fa7fd260:   0000000019930520 00000019fa7fd380
0x00000019fa7fd270:   00007ffa7b5b2270 00007ffa7a180000
0x00000019fa7fd280:   000001ae00000000 000000000000009d
0x00000019fa7fd290:   0000000000000000 00007ffa7b5b2270
0x00000019fa7fd2a0:   0000000000000000 00007ffad25c65af
0x00000019fa7fd2b0:   00000019fa7fd320 00007ffa7b685000
0x00000019fa7fd2c0:   00000019fa7fd380 0000000019930520
0x00000019fa7fd2d0:   00007ffa7b685000 00007ffa7a180000
0x00000019fa7fd2e0:   00005b9836e826fe 0000000000000000
0x00000019fa7fd2f0:   00007ffa7b5b2270 00007ffa9fb266c0
0x00000019fa7fd300:   000001aec9579f60 000001aee9f20c90
0x00000019fa7fd310:   000001aeef86e3b0 00000019fa7fd360
0x00000019fa7fd320:   00007ffa7a180000 0000000019930520
0x00000019fa7fd330:   00000019fa7fd380 00007ffa7b5b2270
0x00000019fa7fd340:   00007ffa7a180000 000001aee9f20c60
0x00000019fa7fd350:   000001aec9579f60 00007ffa7a1aedd5
0x00000019fa7fd360:   00000019fa7fd380 000001aeeec994a0
0x00000019fa7fd370:   000001aee9f20c60 000001aee9f20c60
0x00000019fa7fd380:   00007ffa7b2fc848 0000000000000000
0x00000019fa7fd390:   0000000000000000 000001aec9579f60
0x00000019fa7fd3a0:   000001aee9f20c68 000001aefa2d8800
0x00000019fa7fd3b0:   000001aeef86ebf0 000001aec9579f60
0x00000019fa7fd3c0:   000001aec9579f60 00007ffa7a233124
0x00000019fa7fd3d0:   000001aee9f20c60 000001aee9f20c60
0x00000019fa7fd3e0:   000001aeee51abe8 000001aee9f20c60
0x00000019fa7fd3f0:   000001aeee5211b8 000001aec9579f60
0x00000019fa7fd400:   0000001900000000 00007ffa7a96dbb5
0x00000019fa7fd410:   00000019fa7fef90 000001aeee521098 

Instructions: (pc=0x00007ffacf9053ac)
0x00007ffacf9052ac:   ff 4c 8d 05 54 69 2c 00 33 d2 b9 00 00 10 00 e8
0x00007ffacf9052bc:   70 92 fd ff 4c 8b f0 48 89 44 24 58 48 85 c0 0f
0x00007ffacf9052cc:   84 0b fe ff ff 4c 8d 05 18 69 2c 00 33 d2 8d 4a
0x00007ffacf9052dc:   02 e8 4e 92 fd ff 48 8b f8 48 89 44 24 50 e9 ed
0x00007ffacf9052ec:   fd ff ff 45 33 c0 49 8b d7 48 83 c9 ff e8 72 67
0x00007ffacf9052fc:   01 00 e9 08 ff ff ff 48 8b 0d 0e 49 2f 00 e8 c1
0x00007ffacf90530c:   10 fd ff 48 8b cf e8 79 ea fb ff e9 f8 fe ff ff
0x00007ffacf90531c:   49 8b ce e8 6c ea fb ff e9 f4 fe ff ff 48 8b ce
0x00007ffacf90532c:   e8 5f ea fb ff e9 f0 fe ff ff cc cc 71 18 d3 7a
0x00007ffacf90533c:   1a 87 89 f9 48 81 ec d8 00 00 00 48 8b 05 32 1c
0x00007ffacf90534c:   2f 00 48 33 c4 48 89 84 24 c0 00 00 00 48 83 64
0x00007ffacf90535c:   24 28 00 48 8d 05 da ff ff ff 83 e2 01 89 4c 24
0x00007ffacf90536c:   20 89 54 24 24 48 89 44 24 30 4d 85 c9 74 4f b8
0x00007ffacf90537c:   0f 00 00 00 48 8d 4c 24 40 44 3b c0 49 8b d1 41
0x00007ffacf90538c:   0f 46 c0 44 8b c0 44 89 44 24 38 49 c1 e0 03 e8
0x00007ffacf90539c:   97 f5 05 00 48 8d 4c 24 20 48 ff 15 b4 b6 1f 00
0x00007ffacf9053ac:   0f 1f 44 00 00 48 8b 8c 24 c0 00 00 00 48 33 cc
0x00007ffacf9053bc:   e8 8f 2d 05 00 48 81 c4 d8 00 00 00 c3 cc 83 64
0x00007ffacf9053cc:   24 38 00 eb cf cc cc cc cc cc cc cc 48 8b c4 48
0x00007ffacf9053dc:   89 58 08 48 89 70 10 48 89 78 18 4c 89 68 20 55
0x00007ffacf9053ec:   41 56 41 57 48 8d 68 a1 48 81 ec e0 00 00 00 48
0x00007ffacf9053fc:   8b 05 7e 1b 2f 00 48 33 c4 48 89 45 3f 45 33 ff
0x00007ffacf90540c:   66 c7 45 2b 00 05 48 8d 45 c7 44 89 7d 27 48 89
0x00007ffacf90541c:   44 24 50 48 8d 4d 27 44 89 7c 24 48 45 33 c9 44
0x00007ffacf90542c:   89 7c 24 40 45 8d 47 12 44 89 7c 24 38 b2 01 44
0x00007ffacf90543c:   89 7c 24 30 41 8b df 44 89 7c 24 28 41 8b ff 44
0x00007ffacf90544c:   89 7c 24 20 45 8b f7 44 89 7d 2f 66 c7 45 33 00
0x00007ffacf90545c:   01 44 89 7d 37 66 c7 45 3b 00 10 4c 89 7d c7 4c
0x00007ffacf90546c:   89 7d cf 4c 89 7d d7 4c 89 7d df 48 ff 15 02 b7
0x00007ffacf90547c:   1f 00 0f 1f 44 00 00 85 c0 0f 88 a7 02 00 00 48
0x00007ffacf90548c:   8d 45 cf 41 b9 20 02 00 00 48 89 44 24 50 45 8d
0x00007ffacf90549c:   6f 02 44 89 7c 24 48 45 8d 47 20 44 89 7c 24 40 


Stack slot to memory mapping:
stack at sp + 0 slots: 0x000001aee9f20c80 points into unknown readable memory: 0x00000006f57bed58 | 58 ed 7b f5 06 00 00 00
stack at sp + 1 slots: 0x00007ffa7b5b2270 jniortools.dll
stack at sp + 2 slots: 0x00000019fa7fd380 is pointing into the stack for thread: 0x000001aec9579c80
stack at sp + 3 slots: 0x00007ffad258ab11 ntdll.dll
stack at sp + 4 slots: 0x00000081e06d7363 is an unknown value
stack at sp + 5 slots: 0x0 is NULL
stack at sp + 6 slots: 0x00007ffacf9053ac KERNELBASE.dll
stack at sp + 7 slots: 0x0000000000000004 is an unknown value


---------------  P R O C E S S  ---------------

Threads class SMR info:
_java_thread_list=0x000001aeeebbd1e0, length=11, elements={
0x000001aec9579c80, 0x000001aee9f3cf90, 0x000001aee9f41f40, 0x000001aee9f45150,
0x000001aee9f48e20, 0x000001aee9f4bc70, 0x000001aee9f4c750, 0x000001aee9f55710,
0x000001aee9f617b0, 0x000001aeee51f910, 0x000001aeee52b2c0
}

Java Threads: ( => current thread )
=>0x000001aec9579c80 JavaThread "main" [_thread_in_native, id=16856, stack(0x00000019fa700000,0x00000019fa800000)]
  0x000001aee9f3cf90 JavaThread "Reference Handler" daemon [_thread_blocked, id=14316, stack(0x00000019fae00000,0x00000019faf00000)]
  0x000001aee9f41f40 JavaThread "Finalizer" daemon [_thread_blocked, id=21400, stack(0x00000019faf00000,0x00000019fb000000)]
  0x000001aee9f45150 JavaThread "Signal Dispatcher" daemon [_thread_blocked, id=16292, stack(0x00000019fb000000,0x00000019fb100000)]
  0x000001aee9f48e20 JavaThread "Attach Listener" daemon [_thread_blocked, id=14532, stack(0x00000019fb100000,0x00000019fb200000)]
  0x000001aee9f4bc70 JavaThread "Service Thread" daemon [_thread_blocked, id=18412, stack(0x00000019fb200000,0x00000019fb300000)]
  0x000001aee9f4c750 JavaThread "Monitor Deflation Thread" daemon [_thread_blocked, id=7568, stack(0x00000019fb300000,0x00000019fb400000)]
  0x000001aee9f55710 JavaThread "C2 CompilerThread0" daemon [_thread_blocked, id=4932, stack(0x00000019fb400000,0x00000019fb500000)]
  0x000001aee9f617b0 JavaThread "C1 CompilerThread0" daemon [_thread_blocked, id=12460, stack(0x00000019fb500000,0x00000019fb600000)]
  0x000001aeee51f910 JavaThread "Notification Thread" daemon [_thread_blocked, id=3100, stack(0x00000019fb600000,0x00000019fb700000)]
  0x000001aeee52b2c0 JavaThread "Common-Cleaner" daemon [_thread_blocked, id=13028, stack(0x00000019fb800000,0x00000019fb900000)]

Other Threads:
  0x000001aee9f20590 VMThread "VM Thread" [stack: 0x00000019fad00000,0x00000019fae00000] [id=1784]
  0x000001aeee5266a0 WatcherThread "VM Periodic Task Thread" [stack: 0x00000019fb700000,0x00000019fb800000] [id=17776]
  0x000001aec95f62d0 WorkerThread "GC Thread#0" [stack: 0x00000019fa800000,0x00000019fa900000] [id=17548]
  0x000001aeeed05d40 WorkerThread "GC Thread#1" [stack: 0x00000019fba00000,0x00000019fbb00000] [id=9480]
  0x000001aeeed06010 WorkerThread "GC Thread#2" [stack: 0x00000019fbb00000,0x00000019fbc00000] [id=19784]
  0x000001aeeec84ae0 WorkerThread "GC Thread#3" [stack: 0x00000019fbc00000,0x00000019fbd00000] [id=19628]
  0x000001aeeec84db0 WorkerThread "GC Thread#4" [stack: 0x00000019fbd00000,0x00000019fbe00000] [id=17544]
  0x000001aeeec9e2f0 WorkerThread "GC Thread#5" [stack: 0x00000019fbe00000,0x00000019fbf00000] [id=19464]
  0x000001aeeed3b2f0 WorkerThread "GC Thread#6" [stack: 0x00000019fbf00000,0x00000019fc000000] [id=19308]
  0x000001aeeed3b890 WorkerThread "GC Thread#7" [stack: 0x00000019fc100000,0x00000019fc200000] [id=1728]
  0x000001aec9601f00 ConcurrentGCThread "G1 Main Marker" [stack: 0x00000019fa900000,0x00000019faa00000] [id=5604]
  0x000001aec96029e0 WorkerThread "G1 Conc#0" [stack: 0x00000019faa00000,0x00000019fab00000] [id=12696]
  0x000001aee9de0f60 ConcurrentGCThread "G1 Refine#0" [stack: 0x00000019fab00000,0x00000019fac00000] [id=20072]
  0x000001aee9de1910 ConcurrentGCThread "G1 Service" [stack: 0x00000019fac00000,0x00000019fad00000] [id=18480]

Threads with active compile tasks:

VM state: not at safepoint (normal execution)

VM Mutex/Monitor currently owned by a thread: None

Heap address: 0x00000006c4000000, size: 5056 MB, Compressed Oops mode: Zero based, Oop shift amount: 3

CDS archive(s) mapped at: [0x000001ae80000000-0x000001ae80c60000-0x000001ae80c60000), size 12976128, SharedBaseAddress: 0x000001ae80000000, ArchiveRelocationMode: 1.
Compressed class space mapped at: 0x000001ae81000000-0x000001aec1000000, reserved size: 1073741824
Narrow klass base: 0x000001ae80000000, Narrow klass shift: 0, Narrow klass range: 0x100000000

GC Precious Log:
 CardTable entry size: 512
 Card Set container configuration: InlinePtr #cards 4 size 8 Array Of Cards #cards 32 size 80 Howl #buckets 8 coarsen threshold 7372 Howl Bitmap #cards 1024 size 144 coarsen threshold 921 Card regions per heap region 1 cards per card region 8192
 CPUs: 8 total, 8 available
 Memory: 20220M
 Large Page Support: Disabled
 NUMA Support: Disabled
 Compressed Oops: Enabled (Zero based)
 Heap Region Size: 4M
 Heap Min Capacity: 8M
 Heap Initial Capacity: 316M
 Heap Max Capacity: 5056M
 Pre-touch: Disabled
 Parallel Workers: 8
 Concurrent Workers: 2
 Concurrent Refinement Workers: 8
 Periodic GC: Disabled

Heap:
 garbage-first heap   total 827392K, used 177844K [0x00000006c4000000, 0x0000000800000000)
  region size 4096K, 8 young (32768K), 3 survivors (12288K)
 Metaspace       used 5335K, committed 5568K, reserved 1114112K
  class space    used 409K, committed 512K, reserved 1048576K

Heap Regions: E=young(eden), S=young(survivor), O=old, HS=humongous(starts), HC=humongous(continues), CS=collection set, F=free, OA=open archive, CA=closed archive, TAMS=top-at-mark-start, PB=parsable bottom
|   0|0x00000006c4000000, 0x00000006c4400000, 0x00000006c4400000|100%| O|  |TAMS 0x00000006c4000000| PB 0x00000006c4000000| Untracked 
|   1|0x00000006c4400000, 0x00000006c4800000, 0x00000006c4800000|100%| O|  |TAMS 0x00000006c4400000| PB 0x00000006c4400000| Untracked 
|   2|0x00000006c4800000, 0x00000006c4c00000, 0x00000006c4c00000|100%| O|  |TAMS 0x00000006c4800000| PB 0x00000006c4800000| Untracked 
|   3|0x00000006c4c00000, 0x00000006c5000000, 0x00000006c5000000|100%| O|  |TAMS 0x00000006c4c00000| PB 0x00000006c4c00000| Untracked 
|   4|0x00000006c5000000, 0x00000006c5400000, 0x00000006c5400000|100%| O|  |TAMS 0x00000006c5000000| PB 0x00000006c5000000| Untracked 
|   5|0x00000006c5400000, 0x00000006c5800000, 0x00000006c5800000|100%| O|  |TAMS 0x00000006c5400000| PB 0x00000006c5400000| Untracked 
|   6|0x00000006c5800000, 0x00000006c5c00000, 0x00000006c5c00000|100%| O|  |TAMS 0x00000006c5800000| PB 0x00000006c5800000| Untracked 
|   7|0x00000006c5c00000, 0x00000006c6000000, 0x00000006c6000000|100%| O|  |TAMS 0x00000006c5c00000| PB 0x00000006c5c00000| Untracked 
|   8|0x00000006c6000000, 0x00000006c6400000, 0x00000006c6400000|100%| O|  |TAMS 0x00000006c6000000| PB 0x00000006c6000000| Untracked 
|   9|0x00000006c6400000, 0x00000006c6800000, 0x00000006c6800000|100%| O|  |TAMS 0x00000006c6400000| PB 0x00000006c6400000| Untracked 
|  10|0x00000006c6800000, 0x00000006c6c00000, 0x00000006c6c00000|100%| O|  |TAMS 0x00000006c6800000| PB 0x00000006c6800000| Untracked 
|  11|0x00000006c6c00000, 0x00000006c7000000, 0x00000006c7000000|100%| O|  |TAMS 0x00000006c6c00000| PB 0x00000006c6c00000| Untracked 
|  12|0x00000006c7000000, 0x00000006c7400000, 0x00000006c7400000|100%| O|  |TAMS 0x00000006c7000000| PB 0x00000006c7000000| Untracked 
|  13|0x00000006c7400000, 0x00000006c7800000, 0x00000006c7800000|100%| O|  |TAMS 0x00000006c7400000| PB 0x00000006c7400000| Untracked 
|  14|0x00000006c7800000, 0x00000006c7c00000, 0x00000006c7c00000|100%| O|  |TAMS 0x00000006c7800000| PB 0x00000006c7800000| Untracked 
|  15|0x00000006c7c00000, 0x00000006c8000000, 0x00000006c8000000|100%| O|  |TAMS 0x00000006c7c00000| PB 0x00000006c7c00000| Untracked 
|  16|0x00000006c8000000, 0x00000006c8400000, 0x00000006c8400000|100%| O|  |TAMS 0x00000006c8000000| PB 0x00000006c8000000| Untracked 
|  17|0x00000006c8400000, 0x00000006c8800000, 0x00000006c8800000|100%| O|  |TAMS 0x00000006c8400000| PB 0x00000006c8400000| Untracked 
|  18|0x00000006c8800000, 0x00000006c8c00000, 0x00000006c8c00000|100%| O|  |TAMS 0x00000006c8800000| PB 0x00000006c8800000| Untracked 
|  19|0x00000006c8c00000, 0x00000006c9000000, 0x00000006c9000000|100%| O|  |TAMS 0x00000006c8c00000| PB 0x00000006c8c00000| Untracked 
|  20|0x00000006c9000000, 0x00000006c9400000, 0x00000006c9400000|100%| O|  |TAMS 0x00000006c9000000| PB 0x00000006c9000000| Untracked 
|  21|0x00000006c9400000, 0x00000006c9800000, 0x00000006c9800000|100%| O|  |TAMS 0x00000006c9400000| PB 0x00000006c9400000| Untracked 
|  22|0x00000006c9800000, 0x00000006c9c00000, 0x00000006c9c00000|100%| O|  |TAMS 0x00000006c9800000| PB 0x00000006c9800000| Untracked 
|  23|0x00000006c9c00000, 0x00000006ca000000, 0x00000006ca000000|100%| O|  |TAMS 0x00000006c9c00000| PB 0x00000006c9c00000| Untracked 
|  24|0x00000006ca000000, 0x00000006ca400000, 0x00000006ca400000|100%| O|  |TAMS 0x00000006ca000000| PB 0x00000006ca000000| Untracked 
|  25|0x00000006ca400000, 0x00000006ca800000, 0x00000006ca800000|100%| O|  |TAMS 0x00000006ca400000| PB 0x00000006ca400000| Untracked 
|  26|0x00000006ca800000, 0x00000006cac00000, 0x00000006cac00000|100%| O|  |TAMS 0x00000006ca800000| PB 0x00000006ca800000| Untracked 
|  27|0x00000006cac00000, 0x00000006cb000000, 0x00000006cb000000|100%| O|  |TAMS 0x00000006cac00000| PB 0x00000006cac00000| Untracked 
|  28|0x00000006cb000000, 0x00000006cb400000, 0x00000006cb400000|100%| O|  |TAMS 0x00000006cb000000| PB 0x00000006cb000000| Untracked 
|  29|0x00000006cb400000, 0x00000006cb800000, 0x00000006cb800000|100%| O|  |TAMS 0x00000006cb400000| PB 0x00000006cb400000| Untracked 
|  30|0x00000006cb800000, 0x00000006cbc00000, 0x00000006cbc00000|100%| O|  |TAMS 0x00000006cb800000| PB 0x00000006cb800000| Untracked 
|  31|0x00000006cbc00000, 0x00000006cc000000, 0x00000006cc000000|100%| O|  |TAMS 0x00000006cbc00000| PB 0x00000006cbc00000| Untracked 
|  32|0x00000006cc000000, 0x00000006cc400000, 0x00000006cc400000|100%| O|  |TAMS 0x00000006cc000000| PB 0x00000006cc000000| Untracked 
|  33|0x00000006cc400000, 0x00000006cc6b6800, 0x00000006cc800000| 67%| O|  |TAMS 0x00000006cc400000| PB 0x00000006cc400000| Untracked 
|  34|0x00000006cc800000, 0x00000006ccc00000, 0x00000006ccc00000|100%|HS|  |TAMS 0x00000006cc800000| PB 0x00000006cc800000| Complete 
|  35|0x00000006ccc00000, 0x00000006cd000000, 0x00000006cd000000|100%|HC|  |TAMS 0x00000006ccc00000| PB 0x00000006ccc00000| Complete 
|  36|0x00000006cd000000, 0x00000006cd400000, 0x00000006cd400000|100%|HC|  |TAMS 0x00000006cd000000| PB 0x00000006cd000000| Complete 
|  37|0x00000006cd400000, 0x00000006cd400000, 0x00000006cd800000|  0%| F|  |TAMS 0x00000006cd400000| PB 0x00000006cd400000| Untracked 
|  38|0x00000006cd800000, 0x00000006cd800000, 0x00000006cdc00000|  0%| F|  |TAMS 0x00000006cd800000| PB 0x00000006cd800000| Untracked 
|  39|0x00000006cdc00000, 0x00000006cdc00000, 0x00000006ce000000|  0%| F|  |TAMS 0x00000006cdc00000| PB 0x00000006cdc00000| Untracked 
|  40|0x00000006ce000000, 0x00000006ce000000, 0x00000006ce400000|  0%| F|  |TAMS 0x00000006ce000000| PB 0x00000006ce000000| Untracked 
|  41|0x00000006ce400000, 0x00000006ce400000, 0x00000006ce800000|  0%| F|  |TAMS 0x00000006ce400000| PB 0x00000006ce400000| Untracked 
|  42|0x00000006ce800000, 0x00000006ce800000, 0x00000006cec00000|  0%| F|  |TAMS 0x00000006ce800000| PB 0x00000006ce800000| Untracked 
|  43|0x00000006cec00000, 0x00000006cec00000, 0x00000006cf000000|  0%| F|  |TAMS 0x00000006cec00000| PB 0x00000006cec00000| Untracked 
|  44|0x00000006cf000000, 0x00000006cf000000, 0x00000006cf400000|  0%| F|  |TAMS 0x00000006cf000000| PB 0x00000006cf000000| Untracked 
|  45|0x00000006cf400000, 0x00000006cf400000, 0x00000006cf800000|  0%| F|  |TAMS 0x00000006cf400000| PB 0x00000006cf400000| Untracked 
|  46|0x00000006cf800000, 0x00000006cf800000, 0x00000006cfc00000|  0%| F|  |TAMS 0x00000006cf800000| PB 0x00000006cf800000| Untracked 
|  47|0x00000006cfc00000, 0x00000006cfc00000, 0x00000006d0000000|  0%| F|  |TAMS 0x00000006cfc00000| PB 0x00000006cfc00000| Untracked 
|  48|0x00000006d0000000, 0x00000006d0000000, 0x00000006d0400000|  0%| F|  |TAMS 0x00000006d0000000| PB 0x00000006d0000000| Untracked 
|  49|0x00000006d0400000, 0x00000006d0400000, 0x00000006d0800000|  0%| F|  |TAMS 0x00000006d0400000| PB 0x00000006d0400000| Untracked 
|  50|0x00000006d0800000, 0x00000006d0800000, 0x00000006d0c00000|  0%| F|  |TAMS 0x00000006d0800000| PB 0x00000006d0800000| Untracked 
|  51|0x00000006d0c00000, 0x00000006d0c00000, 0x00000006d1000000|  0%| F|  |TAMS 0x00000006d0c00000| PB 0x00000006d0c00000| Untracked 
|  52|0x00000006d1000000, 0x00000006d1000000, 0x00000006d1400000|  0%| F|  |TAMS 0x00000006d1000000| PB 0x00000006d1000000| Untracked 
|  53|0x00000006d1400000, 0x00000006d1400000, 0x00000006d1800000|  0%| F|  |TAMS 0x00000006d1400000| PB 0x00000006d1400000| Untracked 
|  54|0x00000006d1800000, 0x00000006d1800000, 0x00000006d1c00000|  0%| F|  |TAMS 0x00000006d1800000| PB 0x00000006d1800000| Untracked 
|  55|0x00000006d1c00000, 0x00000006d1c00000, 0x00000006d2000000|  0%| F|  |TAMS 0x00000006d1c00000| PB 0x00000006d1c00000| Untracked 
|  56|0x00000006d2000000, 0x00000006d2000000, 0x00000006d2400000|  0%| F|  |TAMS 0x00000006d2000000| PB 0x00000006d2000000| Untracked 
|  57|0x00000006d2400000, 0x00000006d2400000, 0x00000006d2800000|  0%| F|  |TAMS 0x00000006d2400000| PB 0x00000006d2400000| Untracked 
|  58|0x00000006d2800000, 0x00000006d2800000, 0x00000006d2c00000|  0%| F|  |TAMS 0x00000006d2800000| PB 0x00000006d2800000| Untracked 
|  59|0x00000006d2c00000, 0x00000006d2c00000, 0x00000006d3000000|  0%| F|  |TAMS 0x00000006d2c00000| PB 0x00000006d2c00000| Untracked 
|  60|0x00000006d3000000, 0x00000006d3000000, 0x00000006d3400000|  0%| F|  |TAMS 0x00000006d3000000| PB 0x00000006d3000000| Untracked 
|  61|0x00000006d3400000, 0x00000006d3400000, 0x00000006d3800000|  0%| F|  |TAMS 0x00000006d3400000| PB 0x00000006d3400000| Untracked 
|  62|0x00000006d3800000, 0x00000006d3800000, 0x00000006d3c00000|  0%| F|  |TAMS 0x00000006d3800000| PB 0x00000006d3800000| Untracked 
|  63|0x00000006d3c00000, 0x00000006d3c00000, 0x00000006d4000000|  0%| F|  |TAMS 0x00000006d3c00000| PB 0x00000006d3c00000| Untracked 
|  64|0x00000006d4000000, 0x00000006d4000000, 0x00000006d4400000|  0%| F|  |TAMS 0x00000006d4000000| PB 0x00000006d4000000| Untracked 
|  65|0x00000006d4400000, 0x00000006d4400000, 0x00000006d4800000|  0%| F|  |TAMS 0x00000006d4400000| PB 0x00000006d4400000| Untracked 
|  66|0x00000006d4800000, 0x00000006d4800000, 0x00000006d4c00000|  0%| F|  |TAMS 0x00000006d4800000| PB 0x00000006d4800000| Untracked 
|  67|0x00000006d4c00000, 0x00000006d4c00000, 0x00000006d5000000|  0%| F|  |TAMS 0x00000006d4c00000| PB 0x00000006d4c00000| Untracked 
|  68|0x00000006d5000000, 0x00000006d5000000, 0x00000006d5400000|  0%| F|  |TAMS 0x00000006d5000000| PB 0x00000006d5000000| Untracked 
|  69|0x00000006d5400000, 0x00000006d5400000, 0x00000006d5800000|  0%| F|  |TAMS 0x00000006d5400000| PB 0x00000006d5400000| Untracked 
|  70|0x00000006d5800000, 0x00000006d5800000, 0x00000006d5c00000|  0%| F|  |TAMS 0x00000006d5800000| PB 0x00000006d5800000| Untracked 
|  71|0x00000006d5c00000, 0x00000006d5c00000, 0x00000006d6000000|  0%| F|  |TAMS 0x00000006d5c00000| PB 0x00000006d5c00000| Untracked 
|  72|0x00000006d6000000, 0x00000006d6000000, 0x00000006d6400000|  0%| F|  |TAMS 0x00000006d6000000| PB 0x00000006d6000000| Untracked 
|  73|0x00000006d6400000, 0x00000006d6400000, 0x00000006d6800000|  0%| F|  |TAMS 0x00000006d6400000| PB 0x00000006d6400000| Untracked 
|  74|0x00000006d6800000, 0x00000006d6800000, 0x00000006d6c00000|  0%| F|  |TAMS 0x00000006d6800000| PB 0x00000006d6800000| Untracked 
|  75|0x00000006d6c00000, 0x00000006d6c00000, 0x00000006d7000000|  0%| F|  |TAMS 0x00000006d6c00000| PB 0x00000006d6c00000| Untracked 
|  76|0x00000006d7000000, 0x00000006d7000000, 0x00000006d7400000|  0%| F|  |TAMS 0x00000006d7000000| PB 0x00000006d7000000| Untracked 
|  77|0x00000006d7400000, 0x00000006d7400000, 0x00000006d7800000|  0%| F|  |TAMS 0x00000006d7400000| PB 0x00000006d7400000| Untracked 
|  78|0x00000006d7800000, 0x00000006d7800000, 0x00000006d7c00000|  0%| F|  |TAMS 0x00000006d7800000| PB 0x00000006d7800000| Untracked 
|  79|0x00000006d7c00000, 0x00000006d7c00000, 0x00000006d8000000|  0%| F|  |TAMS 0x00000006d7c00000| PB 0x00000006d7c00000| Untracked 
|  80|0x00000006d8000000, 0x00000006d8000000, 0x00000006d8400000|  0%| F|  |TAMS 0x00000006d8000000| PB 0x00000006d8000000| Untracked 
|  81|0x00000006d8400000, 0x00000006d8400000, 0x00000006d8800000|  0%| F|  |TAMS 0x00000006d8400000| PB 0x00000006d8400000| Untracked 
|  82|0x00000006d8800000, 0x00000006d8800000, 0x00000006d8c00000|  0%| F|  |TAMS 0x00000006d8800000| PB 0x00000006d8800000| Untracked 
|  83|0x00000006d8c00000, 0x00000006d8c00000, 0x00000006d9000000|  0%| F|  |TAMS 0x00000006d8c00000| PB 0x00000006d8c00000| Untracked 
|  84|0x00000006d9000000, 0x00000006d9000000, 0x00000006d9400000|  0%| F|  |TAMS 0x00000006d9000000| PB 0x00000006d9000000| Untracked 
|  85|0x00000006d9400000, 0x00000006d9400000, 0x00000006d9800000|  0%| F|  |TAMS 0x00000006d9400000| PB 0x00000006d9400000| Untracked 
|  86|0x00000006d9800000, 0x00000006d9800000, 0x00000006d9c00000|  0%| F|  |TAMS 0x00000006d9800000| PB 0x00000006d9800000| Untracked 
|  87|0x00000006d9c00000, 0x00000006d9c00000, 0x00000006da000000|  0%| F|  |TAMS 0x00000006d9c00000| PB 0x00000006d9c00000| Untracked 
|  88|0x00000006da000000, 0x00000006da000000, 0x00000006da400000|  0%| F|  |TAMS 0x00000006da000000| PB 0x00000006da000000| Untracked 
|  89|0x00000006da400000, 0x00000006da400000, 0x00000006da800000|  0%| F|  |TAMS 0x00000006da400000| PB 0x00000006da400000| Untracked 
|  90|0x00000006da800000, 0x00000006da800000, 0x00000006dac00000|  0%| F|  |TAMS 0x00000006da800000| PB 0x00000006da800000| Untracked 
|  91|0x00000006dac00000, 0x00000006dac00000, 0x00000006db000000|  0%| F|  |TAMS 0x00000006dac00000| PB 0x00000006dac00000| Untracked 
|  92|0x00000006db000000, 0x00000006db000000, 0x00000006db400000|  0%| F|  |TAMS 0x00000006db000000| PB 0x00000006db000000| Untracked 
|  93|0x00000006db400000, 0x00000006db400000, 0x00000006db800000|  0%| F|  |TAMS 0x00000006db400000| PB 0x00000006db400000| Untracked 
|  94|0x00000006db800000, 0x00000006db800000, 0x00000006dbc00000|  0%| F|  |TAMS 0x00000006db800000| PB 0x00000006db800000| Untracked 
|  95|0x00000006dbc00000, 0x00000006dbc00000, 0x00000006dc000000|  0%| F|  |TAMS 0x00000006dbc00000| PB 0x00000006dbc00000| Untracked 
|  96|0x00000006dc000000, 0x00000006dc000000, 0x00000006dc400000|  0%| F|  |TAMS 0x00000006dc000000| PB 0x00000006dc000000| Untracked 
|  97|0x00000006dc400000, 0x00000006dc400000, 0x00000006dc800000|  0%| F|  |TAMS 0x00000006dc400000| PB 0x00000006dc400000| Untracked 
|  98|0x00000006dc800000, 0x00000006dc800000, 0x00000006dcc00000|  0%| F|  |TAMS 0x00000006dc800000| PB 0x00000006dc800000| Untracked 
|  99|0x00000006dcc00000, 0x00000006dcc00000, 0x00000006dd000000|  0%| F|  |TAMS 0x00000006dcc00000| PB 0x00000006dcc00000| Untracked 
| 100|0x00000006dd000000, 0x00000006dd000000, 0x00000006dd400000|  0%| F|  |TAMS 0x00000006dd000000| PB 0x00000006dd000000| Untracked 
| 101|0x00000006dd400000, 0x00000006dd400000, 0x00000006dd800000|  0%| F|  |TAMS 0x00000006dd400000| PB 0x00000006dd400000| Untracked 
| 102|0x00000006dd800000, 0x00000006dd800000, 0x00000006ddc00000|  0%| F|  |TAMS 0x00000006dd800000| PB 0x00000006dd800000| Untracked 
| 103|0x00000006ddc00000, 0x00000006ddc00000, 0x00000006de000000|  0%| F|  |TAMS 0x00000006ddc00000| PB 0x00000006ddc00000| Untracked 
| 104|0x00000006de000000, 0x00000006de000000, 0x00000006de400000|  0%| F|  |TAMS 0x00000006de000000| PB 0x00000006de000000| Untracked 
| 105|0x00000006de400000, 0x00000006de400000, 0x00000006de800000|  0%| F|  |TAMS 0x00000006de400000| PB 0x00000006de400000| Untracked 
| 106|0x00000006de800000, 0x00000006de800000, 0x00000006dec00000|  0%| F|  |TAMS 0x00000006de800000| PB 0x00000006de800000| Untracked 
| 107|0x00000006dec00000, 0x00000006dec00000, 0x00000006df000000|  0%| F|  |TAMS 0x00000006dec00000| PB 0x00000006dec00000| Untracked 
| 108|0x00000006df000000, 0x00000006df000000, 0x00000006df400000|  0%| F|  |TAMS 0x00000006df000000| PB 0x00000006df000000| Untracked 
| 109|0x00000006df400000, 0x00000006df400000, 0x00000006df800000|  0%| F|  |TAMS 0x00000006df400000| PB 0x00000006df400000| Untracked 
| 110|0x00000006df800000, 0x00000006df800000, 0x00000006dfc00000|  0%| F|  |TAMS 0x00000006df800000| PB 0x00000006df800000| Untracked 
| 111|0x00000006dfc00000, 0x00000006dfc00000, 0x00000006e0000000|  0%| F|  |TAMS 0x00000006dfc00000| PB 0x00000006dfc00000| Untracked 
| 112|0x00000006e0000000, 0x00000006e0000000, 0x00000006e0400000|  0%| F|  |TAMS 0x00000006e0000000| PB 0x00000006e0000000| Untracked 
| 113|0x00000006e0400000, 0x00000006e0400000, 0x00000006e0800000|  0%| F|  |TAMS 0x00000006e0400000| PB 0x00000006e0400000| Untracked 
| 114|0x00000006e0800000, 0x00000006e0800000, 0x00000006e0c00000|  0%| F|  |TAMS 0x00000006e0800000| PB 0x00000006e0800000| Untracked 
| 115|0x00000006e0c00000, 0x00000006e0c00000, 0x00000006e1000000|  0%| F|  |TAMS 0x00000006e0c00000| PB 0x00000006e0c00000| Untracked 
| 116|0x00000006e1000000, 0x00000006e1000000, 0x00000006e1400000|  0%| F|  |TAMS 0x00000006e1000000| PB 0x00000006e1000000| Untracked 
| 117|0x00000006e1400000, 0x00000006e1400000, 0x00000006e1800000|  0%| F|  |TAMS 0x00000006e1400000| PB 0x00000006e1400000| Untracked 
| 118|0x00000006e1800000, 0x00000006e1800000, 0x00000006e1c00000|  0%| F|  |TAMS 0x00000006e1800000| PB 0x00000006e1800000| Untracked 
| 119|0x00000006e1c00000, 0x00000006e1c00000, 0x00000006e2000000|  0%| F|  |TAMS 0x00000006e1c00000| PB 0x00000006e1c00000| Untracked 
| 120|0x00000006e2000000, 0x00000006e2000000, 0x00000006e2400000|  0%| F|  |TAMS 0x00000006e2000000| PB 0x00000006e2000000| Untracked 
| 121|0x00000006e2400000, 0x00000006e2400000, 0x00000006e2800000|  0%| F|  |TAMS 0x00000006e2400000| PB 0x00000006e2400000| Untracked 
| 122|0x00000006e2800000, 0x00000006e2800000, 0x00000006e2c00000|  0%| F|  |TAMS 0x00000006e2800000| PB 0x00000006e2800000| Untracked 
| 123|0x00000006e2c00000, 0x00000006e2c00000, 0x00000006e3000000|  0%| F|  |TAMS 0x00000006e2c00000| PB 0x00000006e2c00000| Untracked 
| 124|0x00000006e3000000, 0x00000006e3000000, 0x00000006e3400000|  0%| F|  |TAMS 0x00000006e3000000| PB 0x00000006e3000000| Untracked 
| 125|0x00000006e3400000, 0x00000006e3400000, 0x00000006e3800000|  0%| F|  |TAMS 0x00000006e3400000| PB 0x00000006e3400000| Untracked 
| 126|0x00000006e3800000, 0x00000006e3800000, 0x00000006e3c00000|  0%| F|  |TAMS 0x00000006e3800000| PB 0x00000006e3800000| Untracked 
| 127|0x00000006e3c00000, 0x00000006e3c00000, 0x00000006e4000000|  0%| F|  |TAMS 0x00000006e3c00000| PB 0x00000006e3c00000| Untracked 
| 128|0x00000006e4000000, 0x00000006e4000000, 0x00000006e4400000|  0%| F|  |TAMS 0x00000006e4000000| PB 0x00000006e4000000| Untracked 
| 129|0x00000006e4400000, 0x00000006e4400000, 0x00000006e4800000|  0%| F|  |TAMS 0x00000006e4400000| PB 0x00000006e4400000| Untracked 
| 130|0x00000006e4800000, 0x00000006e4800000, 0x00000006e4c00000|  0%| F|  |TAMS 0x00000006e4800000| PB 0x00000006e4800000| Untracked 
| 131|0x00000006e4c00000, 0x00000006e4c00000, 0x00000006e5000000|  0%| F|  |TAMS 0x00000006e4c00000| PB 0x00000006e4c00000| Untracked 
| 132|0x00000006e5000000, 0x00000006e5000000, 0x00000006e5400000|  0%| F|  |TAMS 0x00000006e5000000| PB 0x00000006e5000000| Untracked 
| 133|0x00000006e5400000, 0x00000006e5400000, 0x00000006e5800000|  0%| F|  |TAMS 0x00000006e5400000| PB 0x00000006e5400000| Untracked 
| 134|0x00000006e5800000, 0x00000006e5800000, 0x00000006e5c00000|  0%| F|  |TAMS 0x00000006e5800000| PB 0x00000006e5800000| Untracked 
| 135|0x00000006e5c00000, 0x00000006e5c00000, 0x00000006e6000000|  0%| F|  |TAMS 0x00000006e5c00000| PB 0x00000006e5c00000| Untracked 
| 136|0x00000006e6000000, 0x00000006e6000000, 0x00000006e6400000|  0%| F|  |TAMS 0x00000006e6000000| PB 0x00000006e6000000| Untracked 
| 137|0x00000006e6400000, 0x00000006e6400000, 0x00000006e6800000|  0%| F|  |TAMS 0x00000006e6400000| PB 0x00000006e6400000| Untracked 
| 138|0x00000006e6800000, 0x00000006e6800000, 0x00000006e6c00000|  0%| F|  |TAMS 0x00000006e6800000| PB 0x00000006e6800000| Untracked 
| 139|0x00000006e6c00000, 0x00000006e6c00000, 0x00000006e7000000|  0%| F|  |TAMS 0x00000006e6c00000| PB 0x00000006e6c00000| Untracked 
| 140|0x00000006e7000000, 0x00000006e7000000, 0x00000006e7400000|  0%| F|  |TAMS 0x00000006e7000000| PB 0x00000006e7000000| Untracked 
| 141|0x00000006e7400000, 0x00000006e7400000, 0x00000006e7800000|  0%| F|  |TAMS 0x00000006e7400000| PB 0x00000006e7400000| Untracked 
| 142|0x00000006e7800000, 0x00000006e7800000, 0x00000006e7c00000|  0%| F|  |TAMS 0x00000006e7800000| PB 0x00000006e7800000| Untracked 
| 143|0x00000006e7c00000, 0x00000006e7c00000, 0x00000006e8000000|  0%| F|  |TAMS 0x00000006e7c00000| PB 0x00000006e7c00000| Untracked 
| 144|0x00000006e8000000, 0x00000006e8000000, 0x00000006e8400000|  0%| F|  |TAMS 0x00000006e8000000| PB 0x00000006e8000000| Untracked 
| 145|0x00000006e8400000, 0x00000006e8400000, 0x00000006e8800000|  0%| F|  |TAMS 0x00000006e8400000| PB 0x00000006e8400000| Untracked 
| 146|0x00000006e8800000, 0x00000006e8800000, 0x00000006e8c00000|  0%| F|  |TAMS 0x00000006e8800000| PB 0x00000006e8800000| Untracked 
| 147|0x00000006e8c00000, 0x00000006e8c00000, 0x00000006e9000000|  0%| F|  |TAMS 0x00000006e8c00000| PB 0x00000006e8c00000| Untracked 
| 148|0x00000006e9000000, 0x00000006e9000000, 0x00000006e9400000|  0%| F|  |TAMS 0x00000006e9000000| PB 0x00000006e9000000| Untracked 
| 149|0x00000006e9400000, 0x00000006e9400000, 0x00000006e9800000|  0%| F|  |TAMS 0x00000006e9400000| PB 0x00000006e9400000| Untracked 
| 150|0x00000006e9800000, 0x00000006e9800000, 0x00000006e9c00000|  0%| F|  |TAMS 0x00000006e9800000| PB 0x00000006e9800000| Untracked 
| 151|0x00000006e9c00000, 0x00000006e9c00000, 0x00000006ea000000|  0%| F|  |TAMS 0x00000006e9c00000| PB 0x00000006e9c00000| Untracked 
| 152|0x00000006ea000000, 0x00000006ea000000, 0x00000006ea400000|  0%| F|  |TAMS 0x00000006ea000000| PB 0x00000006ea000000| Untracked 
| 153|0x00000006ea400000, 0x00000006ea400000, 0x00000006ea800000|  0%| F|  |TAMS 0x00000006ea400000| PB 0x00000006ea400000| Untracked 
| 154|0x00000006ea800000, 0x00000006ea800000, 0x00000006eac00000|  0%| F|  |TAMS 0x00000006ea800000| PB 0x00000006ea800000| Untracked 
| 155|0x00000006eac00000, 0x00000006eac00000, 0x00000006eb000000|  0%| F|  |TAMS 0x00000006eac00000| PB 0x00000006eac00000| Untracked 
| 156|0x00000006eb000000, 0x00000006eb000000, 0x00000006eb400000|  0%| F|  |TAMS 0x00000006eb000000| PB 0x00000006eb000000| Untracked 
| 157|0x00000006eb400000, 0x00000006eb400000, 0x00000006eb800000|  0%| F|  |TAMS 0x00000006eb400000| PB 0x00000006eb400000| Untracked 
| 158|0x00000006eb800000, 0x00000006eb800000, 0x00000006ebc00000|  0%| F|  |TAMS 0x00000006eb800000| PB 0x00000006eb800000| Untracked 
| 159|0x00000006ebc00000, 0x00000006ebc00000, 0x00000006ec000000|  0%| F|  |TAMS 0x00000006ebc00000| PB 0x00000006ebc00000| Untracked 
| 160|0x00000006ec000000, 0x00000006ec000000, 0x00000006ec400000|  0%| F|  |TAMS 0x00000006ec000000| PB 0x00000006ec000000| Untracked 
| 161|0x00000006ec400000, 0x00000006ec400000, 0x00000006ec800000|  0%| F|  |TAMS 0x00000006ec400000| PB 0x00000006ec400000| Untracked 
| 162|0x00000006ec800000, 0x00000006ec800000, 0x00000006ecc00000|  0%| F|  |TAMS 0x00000006ec800000| PB 0x00000006ec800000| Untracked 
| 163|0x00000006ecc00000, 0x00000006ecc00000, 0x00000006ed000000|  0%| F|  |TAMS 0x00000006ecc00000| PB 0x00000006ecc00000| Untracked 
| 164|0x00000006ed000000, 0x00000006ed000000, 0x00000006ed400000|  0%| F|  |TAMS 0x00000006ed000000| PB 0x00000006ed000000| Untracked 
| 165|0x00000006ed400000, 0x00000006ed400000, 0x00000006ed800000|  0%| F|  |TAMS 0x00000006ed400000| PB 0x00000006ed400000| Untracked 
| 166|0x00000006ed800000, 0x00000006ed800000, 0x00000006edc00000|  0%| F|  |TAMS 0x00000006ed800000| PB 0x00000006ed800000| Untracked 
| 167|0x00000006edc00000, 0x00000006edc00000, 0x00000006ee000000|  0%| F|  |TAMS 0x00000006edc00000| PB 0x00000006edc00000| Untracked 
| 168|0x00000006ee000000, 0x00000006ee000000, 0x00000006ee400000|  0%| F|  |TAMS 0x00000006ee000000| PB 0x00000006ee000000| Untracked 
| 169|0x00000006ee400000, 0x00000006ee400000, 0x00000006ee800000|  0%| F|  |TAMS 0x00000006ee400000| PB 0x00000006ee400000| Untracked 
| 170|0x00000006ee800000, 0x00000006ee800000, 0x00000006eec00000|  0%| F|  |TAMS 0x00000006ee800000| PB 0x00000006ee800000| Untracked 
| 171|0x00000006eec00000, 0x00000006eec00000, 0x00000006ef000000|  0%| F|  |TAMS 0x00000006eec00000| PB 0x00000006eec00000| Untracked 
| 172|0x00000006ef000000, 0x00000006ef000000, 0x00000006ef400000|  0%| F|  |TAMS 0x00000006ef000000| PB 0x00000006ef000000| Untracked 
| 173|0x00000006ef400000, 0x00000006ef400000, 0x00000006ef800000|  0%| F|  |TAMS 0x00000006ef400000| PB 0x00000006ef400000| Untracked 
| 174|0x00000006ef800000, 0x00000006ef800000, 0x00000006efc00000|  0%| F|  |TAMS 0x00000006ef800000| PB 0x00000006ef800000| Untracked 
| 175|0x00000006efc00000, 0x00000006efc00000, 0x00000006f0000000|  0%| F|  |TAMS 0x00000006efc00000| PB 0x00000006efc00000| Untracked 
| 176|0x00000006f0000000, 0x00000006f0000000, 0x00000006f0400000|  0%| F|  |TAMS 0x00000006f0000000| PB 0x00000006f0000000| Untracked 
| 177|0x00000006f0400000, 0x00000006f0400000, 0x00000006f0800000|  0%| F|  |TAMS 0x00000006f0400000| PB 0x00000006f0400000| Untracked 
| 178|0x00000006f0800000, 0x00000006f0800000, 0x00000006f0c00000|  0%| F|  |TAMS 0x00000006f0800000| PB 0x00000006f0800000| Untracked 
| 179|0x00000006f0c00000, 0x00000006f0ef68e0, 0x00000006f1000000| 74%| S|CS|TAMS 0x00000006f0c00000| PB 0x00000006f0c00000| Complete 
| 180|0x00000006f1000000, 0x00000006f1400000, 0x00000006f1400000|100%| S|CS|TAMS 0x00000006f1000000| PB 0x00000006f1000000| Complete 
| 181|0x00000006f1400000, 0x00000006f1800000, 0x00000006f1800000|100%| S|CS|TAMS 0x00000006f1400000| PB 0x00000006f1400000| Complete 
| 182|0x00000006f1800000, 0x00000006f1800000, 0x00000006f1c00000|  0%| F|  |TAMS 0x00000006f1800000| PB 0x00000006f1800000| Untracked 
| 183|0x00000006f1c00000, 0x00000006f1c00000, 0x00000006f2000000|  0%| F|  |TAMS 0x00000006f1c00000| PB 0x00000006f1c00000| Untracked 
| 184|0x00000006f2000000, 0x00000006f2000000, 0x00000006f2400000|  0%| F|  |TAMS 0x00000006f2000000| PB 0x00000006f2000000| Untracked 
| 185|0x00000006f2400000, 0x00000006f2400000, 0x00000006f2800000|  0%| F|  |TAMS 0x00000006f2400000| PB 0x00000006f2400000| Untracked 
| 186|0x00000006f2800000, 0x00000006f2800000, 0x00000006f2c00000|  0%| F|  |TAMS 0x00000006f2800000| PB 0x00000006f2800000| Untracked 
| 187|0x00000006f2c00000, 0x00000006f2c00000, 0x00000006f3000000|  0%| F|  |TAMS 0x00000006f2c00000| PB 0x00000006f2c00000| Untracked 
| 188|0x00000006f3000000, 0x00000006f3000000, 0x00000006f3400000|  0%| F|  |TAMS 0x00000006f3000000| PB 0x00000006f3000000| Untracked 
| 189|0x00000006f3400000, 0x00000006f3400000, 0x00000006f3800000|  0%| F|  |TAMS 0x00000006f3400000| PB 0x00000006f3400000| Untracked 
| 190|0x00000006f3800000, 0x00000006f3800000, 0x00000006f3c00000|  0%| F|  |TAMS 0x00000006f3800000| PB 0x00000006f3800000| Untracked 
| 191|0x00000006f3c00000, 0x00000006f3c00000, 0x00000006f4000000|  0%| F|  |TAMS 0x00000006f3c00000| PB 0x00000006f3c00000| Untracked 
| 192|0x00000006f4000000, 0x00000006f4000000, 0x00000006f4400000|  0%| F|  |TAMS 0x00000006f4000000| PB 0x00000006f4000000| Untracked 
| 193|0x00000006f4400000, 0x00000006f4400000, 0x00000006f4800000|  0%| F|  |TAMS 0x00000006f4400000| PB 0x00000006f4400000| Untracked 
| 194|0x00000006f4800000, 0x00000006f4800000, 0x00000006f4c00000|  0%| F|  |TAMS 0x00000006f4800000| PB 0x00000006f4800000| Untracked 
| 195|0x00000006f4c00000, 0x00000006f4c00000, 0x00000006f5000000|  0%| F|  |TAMS 0x00000006f4c00000| PB 0x00000006f4c00000| Untracked 
| 196|0x00000006f5000000, 0x00000006f5000000, 0x00000006f5400000|  0%| F|  |TAMS 0x00000006f5000000| PB 0x00000006f5000000| Untracked 
| 197|0x00000006f5400000, 0x00000006f5800000, 0x00000006f5800000|100%| E|  |TAMS 0x00000006f5400000| PB 0x00000006f5400000| Complete 
| 198|0x00000006f5800000, 0x00000006f5c00000, 0x00000006f5c00000|100%| E|CS|TAMS 0x00000006f5800000| PB 0x00000006f5800000| Complete 
| 199|0x00000006f5c00000, 0x00000006f6000000, 0x00000006f6000000|100%| E|CS|TAMS 0x00000006f5c00000| PB 0x00000006f5c00000| Complete 
| 200|0x00000006f6000000, 0x00000006f6400000, 0x00000006f6400000|100%| E|CS|TAMS 0x00000006f6000000| PB 0x00000006f6000000| Complete 
| 201|0x00000006f6400000, 0x00000006f6800000, 0x00000006f6800000|100%| E|CS|TAMS 0x00000006f6400000| PB 0x00000006f6400000| Complete 

Card table byte_map: [0x000001aee1340000,0x000001aee1d20000] _byte_map_base: 0x000001aeddd20000

Marking Bits: (CMBitMap*) 0x000001aec95f6810
 Bits: [0x000001aee2700000, 0x000001aee7600000)

Polling page: 0x000001aec7440000

Metaspace:

Usage:
  Non-class:      4.81 MB used.
      Class:    409.31 KB used.
       Both:      5.21 MB used.

Virtual space:
  Non-class space:       64.00 MB reserved,       4.94 MB (  8%) committed,  1 nodes.
      Class space:        1.00 GB reserved,     512.00 KB ( <1%) committed,  1 nodes.
             Both:        1.06 GB reserved,       5.44 MB ( <1%) committed. 

Chunk freelists:
   Non-Class:  1.18 MB
       Class:  3.51 MB
        Both:  4.68 MB

MaxMetaspaceSize: unlimited
CompressedClassSpaceSize: 1.00 GB
Initial GC threshold: 21.00 MB
Current GC threshold: 21.00 MB
CDS: on
MetaspaceReclaimPolicy: balanced
 - commit_granule_bytes: 65536.
 - commit_granule_words: 8192.
 - virtual_space_node_default_size: 8388608.
 - enlarge_chunks_in_place: 1.
 - new_chunks_are_fully_committed: 0.
 - uncommit_free_chunks: 1.
 - use_allocation_guard: 0.


Internal statistics:

num_allocs_failed_limit: 0.
num_arena_births: 86.
num_arena_deaths: 0.
num_vsnodes_births: 2.
num_vsnodes_deaths: 0.
num_space_committed: 87.
num_space_uncommitted: 0.
num_chunks_returned_to_freelist: 0.
num_chunks_taken_from_freelist: 229.
num_chunk_merges: 0.
num_chunk_splits: 155.
num_chunks_enlarged: 101.
num_inconsistent_stats: 0.

CodeHeap 'non-profiled nmethods': size=120000Kb used=1183Kb max_used=1183Kb free=118816Kb
 bounds [0x000001aed9100000, 0x000001aed9370000, 0x000001aee0630000]
CodeHeap 'profiled nmethods': size=120000Kb used=2928Kb max_used=2928Kb free=117071Kb
 bounds [0x000001aed1630000, 0x000001aed1910000, 0x000001aed8b60000]
CodeHeap 'non-nmethods': size=5760Kb used=1527Kb max_used=1617Kb free=4232Kb
 bounds [0x000001aed8b60000, 0x000001aed8dd0000, 0x000001aed9100000]
 total_blobs=2056 nmethods=1593 adapters=374
 compilation: enabled
              stopped_count=0, restarted_count=0
 full_count=0

Compilation events (20 events):
Event: 2.213 Thread 0x000001aee9f617b0 1580       1       com.google.ortools.sat.LinearConstraintProto::getCoeffsList (5 bytes)
Event: 2.213 Thread 0x000001aee9f617b0 nmethod 1580 0x000001aed921f710 code [0x000001aed921f880, 0x000001aed921f950]
Event: 2.221 Thread 0x000001aeee61f9a0 nmethod 1577 0x000001aed921fa10 code [0x000001aed921fbc0, 0x000001aed92205b0]
Event: 2.247 Thread 0x000001aee9f55710 nmethod 1578% 0x000001aed9220b10 code [0x000001aed9220d00, 0x000001aed9221c68]
Event: 2.286 Thread 0x000001aef03767a0 nmethod 1574 0x000001aed9222610 code [0x000001aed9222900, 0x000001aed9225308]
Event: 23.921 Thread 0x000001aee9f617b0 1581       3       java.lang.Module::isNamed (13 bytes)
Event: 23.921 Thread 0x000001aee9f617b0 nmethod 1581 0x000001aed1908190 code [0x000001aed1908320, 0x000001aed1908490]
Event: 23.921 Thread 0x000001aee9f617b0 1582       3       jdk.internal.org.objectweb.asm.MethodWriter::visitVarInsn (302 bytes)
Event: 23.922 Thread 0x000001aee9f617b0 nmethod 1582 0x000001aed1908510 code [0x000001aed1908760, 0x000001aed1909110]
Event: 23.922 Thread 0x000001aee9f617b0 1583       3       java.lang.invoke.MemberName$Factory::resolveOrFail (79 bytes)
Event: 23.922 Thread 0x000001aee9f617b0 nmethod 1583 0x000001aed1909390 code [0x000001aed1909580, 0x000001aed1909c60]
Event: 23.922 Thread 0x000001aee9f617b0 1584       3       java.util.ArrayList$Itr::hasNext (20 bytes)
Event: 23.922 Thread 0x000001aee9f617b0 nmethod 1584 0x000001aed1909e90 code [0x000001aed190a020, 0x000001aed190a198]
Event: 23.922 Thread 0x000001aee9f617b0 1586       3       java.lang.invoke.LambdaForm$NamedFunction::methodType (28 bytes)
Event: 23.923 Thread 0x000001aee9f617b0 nmethod 1586 0x000001aed190a290 code [0x000001aed190a440, 0x000001aed190a778]
Event: 23.923 Thread 0x000001aee9f617b0 1585       3       java.lang.invoke.LambdaForm$Name::<init> (66 bytes)
Event: 23.923 Thread 0x000001aee9f617b0 nmethod 1585 0x000001aed190a890 code [0x000001aed190aa20, 0x000001aed190ad00]
Event: 23.923 Thread 0x000001aee9f617b0 1591       3       jdk.internal.org.objectweb.asm.SymbolTable::addConstantMemberReference (147 bytes)
Event: 23.924 Thread 0x000001aee9f617b0 nmethod 1591 0x000001aed190ad90 code [0x000001aed190afe0, 0x000001aed190b880]
Event: 23.924 Thread 0x000001aee9f617b0 1592       3       jdk.internal.org.objectweb.asm.SymbolTable::hash (20 bytes)

GC Heap History (16 events):
Event: 0.608 GC heap before
{Heap before GC invocations=0 (full 0):
 garbage-first heap   total 323584K, used 16384K [0x00000006c4000000, 0x0000000800000000)
  region size 4096K, 5 young (20480K), 0 survivors (0K)
 Metaspace       used 3016K, committed 3136K, reserved 1114112K
  class space    used 284K, committed 320K, reserved 1048576K
}
Event: 0.616 GC heap after
{Heap after GC invocations=1 (full 0):
 garbage-first heap   total 323584K, used 13970K [0x00000006c4000000, 0x0000000800000000)
  region size 4096K, 1 young (4096K), 1 survivors (4096K)
 Metaspace       used 3016K, committed 3136K, reserved 1114112K
  class space    used 284K, committed 320K, reserved 1048576K
}
Event: 0.620 GC heap before
{Heap before GC invocations=1 (full 0):
 garbage-first heap   total 323584K, used 22162K [0x00000006c4000000, 0x0000000800000000)
  region size 4096K, 3 young (12288K), 1 survivors (4096K)
 Metaspace       used 3017K, committed 3136K, reserved 1114112K
  class space    used 284K, committed 320K, reserved 1048576K
}
Event: 0.626 GC heap after
{Heap after GC invocations=2 (full 0):
 garbage-first heap   total 323584K, used 22652K [0x00000006c4000000, 0x0000000800000000)
  region size 4096K, 1 young (4096K), 1 survivors (4096K)
 Metaspace       used 3017K, committed 3136K, reserved 1114112K
  class space    used 284K, committed 320K, reserved 1048576K
}
Event: 0.722 GC heap before
{Heap before GC invocations=2 (full 0):
 garbage-first heap   total 323584K, used 39036K [0x00000006c4000000, 0x0000000800000000)
  region size 4096K, 5 young (20480K), 1 survivors (4096K)
 Metaspace       used 3411K, committed 3584K, reserved 1114112K
  class space    used 310K, committed 384K, reserved 1048576K
}
Event: 0.731 GC heap after
{Heap after GC invocations=3 (full 0):
 garbage-first heap   total 323584K, used 38308K [0x00000006c4000000, 0x0000000800000000)
  region size 4096K, 1 young (4096K), 1 survivors (4096K)
 Metaspace       used 3411K, committed 3584K, reserved 1114112K
  class space    used 310K, committed 384K, reserved 1048576K
}
Event: 0.783 GC heap before
{Heap before GC invocations=3 (full 0):
 garbage-first heap   total 323584K, used 58788K [0x00000006c4000000, 0x0000000800000000)
  region size 4096K, 6 young (24576K), 1 survivors (4096K)
 Metaspace       used 3421K, committed 3584K, reserved 1114112K
  class space    used 310K, committed 384K, reserved 1048576K
}
Event: 0.795 GC heap after
{Heap after GC invocations=4 (full 0):
 garbage-first heap   total 323584K, used 56351K [0x00000006c4000000, 0x0000000800000000)
  region size 4096K, 1 young (4096K), 1 survivors (4096K)
 Metaspace       used 3421K, committed 3584K, reserved 1114112K
  class space    used 310K, committed 384K, reserved 1048576K
}
Event: 0.876 GC heap before
{Heap before GC invocations=4 (full 0):
 garbage-first heap   total 323584K, used 85023K [0x00000006c4000000, 0x0000000800000000)
  region size 4096K, 9 young (36864K), 1 survivors (4096K)
 Metaspace       used 3421K, committed 3584K, reserved 1114112K
  class space    used 310K, committed 384K, reserved 1048576K
}
Event: 0.902 GC heap after
{Heap after GC invocations=5 (full 0):
 garbage-first heap   total 827392K, used 84584K [0x00000006c4000000, 0x0000000800000000)
  region size 4096K, 2 young (8192K), 2 survivors (8192K)
 Metaspace       used 3421K, committed 3584K, reserved 1114112K
  class space    used 310K, committed 384K, reserved 1048576K
}
Event: 0.971 GC heap before
{Heap before GC invocations=5 (full 0):
 garbage-first heap   total 827392K, used 125544K [0x00000006c4000000, 0x0000000800000000)
  region size 4096K, 12 young (49152K), 2 survivors (8192K)
 Metaspace       used 3421K, committed 3584K, reserved 1114112K
  class space    used 310K, committed 384K, reserved 1048576K
}
Event: 1.000 GC heap after
{Heap after GC invocations=6 (full 0):
 garbage-first heap   total 827392K, used 122880K [0x00000006c4000000, 0x0000000800000000)
  region size 4096K, 2 young (8192K), 2 survivors (8192K)
 Metaspace       used 3421K, committed 3584K, reserved 1114112K
  class space    used 310K, committed 384K, reserved 1048576K
}
Event: 1.608 GC heap before
{Heap before GC invocations=6 (full 0):
 garbage-first heap   total 827392K, used 172032K [0x00000006c4000000, 0x0000000800000000)
  region size 4096K, 14 young (57344K), 2 survivors (8192K)
 Metaspace       used 4057K, committed 4160K, reserved 1114112K
  class space    used 356K, committed 384K, reserved 1048576K
}
Event: 1.618 GC heap after
{Heap after GC invocations=7 (full 0):
 garbage-first heap   total 827392K, used 137392K [0x00000006c4000000, 0x0000000800000000)
  region size 4096K, 2 young (8192K), 2 survivors (8192K)
 Metaspace       used 4057K, committed 4160K, reserved 1114112K
  class space    used 356K, committed 384K, reserved 1048576K
}
Event: 1.948 GC heap before
{Heap before GC invocations=7 (full 0):
 garbage-first heap   total 827392K, used 211120K [0x00000006c4000000, 0x0000000800000000)
  region size 4096K, 20 young (81920K), 2 survivors (8192K)
 Metaspace       used 4147K, committed 4352K, reserved 1114112K
  class space    used 363K, committed 448K, reserved 1048576K
}
Event: 1.956 GC heap after
{Heap after GC invocations=8 (full 0):
 garbage-first heap   total 827392K, used 149172K [0x00000006c4000000, 0x0000000800000000)
  region size 4096K, 3 young (12288K), 3 survivors (12288K)
 Metaspace       used 4147K, committed 4352K, reserved 1114112K
  class space    used 363K, committed 448K, reserved 1048576K
}

Dll operation events (7 events):
Event: 0.008 Loaded shared library C:\Program Files\Java\jdk-20\bin\java.dll
Event: 0.026 Loaded shared library C:\Program Files\Java\jdk-20\bin\jsvml.dll
Event: 0.121 Loaded shared library C:\Program Files\Java\jdk-20\bin\net.dll
Event: 0.122 Loaded shared library C:\Program Files\Java\jdk-20\bin\nio.dll
Event: 0.126 Loaded shared library C:\Program Files\Java\jdk-20\bin\zip.dll
Event: 0.156 Loaded shared library C:\Program Files\Java\jdk-20\bin\jimage.dll
Event: 0.556 Loaded shared library C:\Users\sayda\AppData\Local\Temp\ortools-java14104827649479140982\ortools-win32-x86-64\jniortools.dll

Deoptimization events (20 events):
Event: 2.186 Thread 0x000001aec9579c80 DEOPT PACKING pc=0x000001aed18fcae4 sp=0x00000019fa7ff100
Event: 2.186 Thread 0x000001aec9579c80 DEOPT UNPACKING pc=0x000001aed8bce462 sp=0x00000019fa7fe5f0 mode 0
Event: 2.186 Thread 0x000001aec9579c80 DEOPT PACKING pc=0x000001aed18fcae4 sp=0x00000019fa7ff100
Event: 2.186 Thread 0x000001aec9579c80 DEOPT UNPACKING pc=0x000001aed8bce462 sp=0x00000019fa7fe5f0 mode 0
Event: 2.187 Thread 0x000001aec9579c80 DEOPT PACKING pc=0x000001aed18fcae4 sp=0x00000019fa7ff100
Event: 2.187 Thread 0x000001aec9579c80 DEOPT UNPACKING pc=0x000001aed8bce462 sp=0x00000019fa7fe5f0 mode 0
Event: 2.187 Thread 0x000001aec9579c80 DEOPT PACKING pc=0x000001aed18fcae4 sp=0x00000019fa7ff100
Event: 2.187 Thread 0x000001aec9579c80 DEOPT UNPACKING pc=0x000001aed8bce462 sp=0x00000019fa7fe5f0 mode 0
Event: 2.226 Thread 0x000001aec9579c80 Uncommon trap: trap_request=0xffffff45 fr.pc=0x000001aed921eb54 relative=0x0000000000000914
Event: 2.226 Thread 0x000001aec9579c80 Uncommon trap: reason=unstable_if action=reinterpret pc=0x000001aed921eb54 method=com.google.protobuf.CodedOutputStream$ArrayEncoder.writeUInt64NoTag(J)V @ 12 c2
Event: 2.226 Thread 0x000001aec9579c80 DEOPT PACKING pc=0x000001aed921eb54 sp=0x00000019fa7ff120
Event: 2.226 Thread 0x000001aec9579c80 DEOPT UNPACKING pc=0x000001aed8b7d2a2 sp=0x00000019fa7ff008 mode 2
Event: 2.226 Thread 0x000001aec9579c80 Uncommon trap: trap_request=0xffffff45 fr.pc=0x000001aed921c91c relative=0x000000000000011c
Event: 2.226 Thread 0x000001aec9579c80 Uncommon trap: reason=unstable_if action=reinterpret pc=0x000001aed921c91c method=com.google.protobuf.CodedOutputStream$ArrayEncoder.writeUInt64NoTag(J)V @ 12 c2
Event: 2.226 Thread 0x000001aec9579c80 DEOPT PACKING pc=0x000001aed921c91c sp=0x00000019fa7ff0e0
Event: 2.226 Thread 0x000001aec9579c80 DEOPT UNPACKING pc=0x000001aed8b7d2a2 sp=0x00000019fa7ff000 mode 2
Event: 2.226 Thread 0x000001aec9579c80 Uncommon trap: trap_request=0xffffff45 fr.pc=0x000001aed920c8e0 relative=0x00000000000000e0
Event: 2.226 Thread 0x000001aec9579c80 Uncommon trap: reason=unstable_if action=reinterpret pc=0x000001aed920c8e0 method=com.google.protobuf.CodedOutputStream$ArrayEncoder.writeUInt64NoTag(J)V @ 12 c2
Event: 2.226 Thread 0x000001aec9579c80 DEOPT PACKING pc=0x000001aed920c8e0 sp=0x00000019fa7ff070
Event: 2.226 Thread 0x000001aec9579c80 DEOPT UNPACKING pc=0x000001aed8b7d2a2 sp=0x00000019fa7ff000 mode 2

Classes loaded (20 events):
Event: 0.571 Loading class java/lang/reflect/InvocationTargetException
Event: 0.571 Loading class java/lang/reflect/InvocationTargetException done
Event: 0.592 Loading class java/lang/IndexOutOfBoundsException
Event: 0.592 Loading class java/lang/IndexOutOfBoundsException done
Event: 1.025 Loading class java/util/stream/Nodes$SpinedNodeBuilder
Event: 1.025 Loading class java/util/stream/SpinedBuffer
Event: 1.025 Loading class java/util/stream/AbstractSpinedBuffer
Event: 1.025 Loading class java/util/stream/AbstractSpinedBuffer done
Event: 1.025 Loading class java/util/stream/SpinedBuffer done
Event: 1.025 Loading class java/util/stream/Nodes$SpinedNodeBuilder done
Event: 1.995 Loading class java/lang/InstantiationException
Event: 1.995 Loading class java/lang/InstantiationException done
Event: 1.996 Loading class sun/misc/Unsafe
Event: 1.996 Loading class sun/misc/Unsafe done
Event: 1.997 Loading class java/lang/invoke/DirectMethodHandle$StaticAccessor
Event: 1.997 Loading class java/lang/invoke/DirectMethodHandle$StaticAccessor done
Event: 1.998 Loading class java/lang/foreign/MemorySegment
Event: 1.998 Loading class java/lang/foreign/MemorySegment done
Event: 2.036 Loading class java/lang/ArrayIndexOutOfBoundsException
Event: 2.036 Loading class java/lang/ArrayIndexOutOfBoundsException done

Classes unloaded (0 events):
No events

Classes redefined (0 events):
No events

Internal exceptions (7 events):
Event: 0.255 Thread 0x000001aec9579c80 Exception <a 'java/lang/NoSuchMethodError'{0x00000006d71da260}: 'java.lang.Object java.lang.invoke.DirectMethodHandle$Holder.invokeStaticInit(java.lang.Object, int, int, int, int)'> (0x00000006d71da260) 
thrown [s\open\src\hotspot\share\interpreter\linkResolver.cpp, line 773]
Event: 0.325 Thread 0x000001aec9579c80 Exception <a 'java/lang/NoSuchMethodError'{0x00000006d72cadd8}: 'java.lang.Object java.lang.invoke.DirectMethodHandle$Holder.invokeStaticInit(java.lang.Object, java.lang.Object, int, int, int, int)'> (0x00000006d72cadd8) 
thrown [s\open\src\hotspot\share\interpreter\linkResolver.cpp, line 773]
Event: 0.333 Thread 0x000001aec9579c80 Exception <a 'java/lang/NoSuchMethodError'{0x00000006d72d4a80}: 'void java.lang.invoke.DirectMethodHandle$Holder.invokeStatic(java.lang.Object, java.lang.Object, java.lang.Object)'> (0x00000006d72d4a80) 
thrown [s\open\src\hotspot\share\interpreter\linkResolver.cpp, line 773]
Event: 0.366 Thread 0x000001aec9579c80 Exception <a 'sun/nio/fs/WindowsException'{0x00000006d730c768}> (0x00000006d730c768) 
thrown [s\open\src\hotspot\share\prims\jni.cpp, line 519]
Event: 0.367 Thread 0x000001aec9579c80 Exception <a 'sun/nio/fs/WindowsException'{0x00000006d730d4e0}> (0x00000006d730d4e0) 
thrown [s\open\src\hotspot\share\prims\jni.cpp, line 519]
Event: 0.638 Thread 0x000001aec9579c80 Exception <a 'java/lang/NoSuchMethodError'{0x00000006d7646d28}: 'java.lang.Object java.lang.invoke.DirectMethodHandle$Holder.invokeSpecial(java.lang.Object, java.lang.Object, int, int, int, int)'> (0x00000006d7646d28) 
thrown [s\open\src\hotspot\share\interpreter\linkResolver.cpp, line 773]
Event: 23.924 Thread 0x000001aec9579c80 Exception <a 'java/lang/NullPointerException'{0x00000006f57bea78}> (0x00000006f57bea78) 
thrown [s\open\src\hotspot\share\interpreter\linkResolver.cpp, line 1373]

VM Operations (20 events):
Event: 0.722 Executing VM operation: G1CollectForAllocation
Event: 0.731 Executing VM operation: G1CollectForAllocation done
Event: 0.782 Executing VM operation: G1CollectForAllocation
Event: 0.795 Executing VM operation: G1CollectForAllocation done
Event: 0.876 Executing VM operation: G1CollectForAllocation
Event: 0.902 Executing VM operation: G1CollectForAllocation done
Event: 0.971 Executing VM operation: G1CollectForAllocation
Event: 1.000 Executing VM operation: G1CollectForAllocation done
Event: 1.431 Executing VM operation: HandshakeAllThreads
Event: 1.431 Executing VM operation: HandshakeAllThreads done
Event: 1.608 Executing VM operation: G1CollectForAllocation
Event: 1.618 Executing VM operation: G1CollectForAllocation done
Event: 1.835 Executing VM operation: HandshakeAllThreads
Event: 1.835 Executing VM operation: HandshakeAllThreads done
Event: 1.948 Executing VM operation: G1CollectForAllocation
Event: 1.956 Executing VM operation: G1CollectForAllocation done
Event: 2.036 Executing VM operation: HandshakeAllThreads
Event: 2.036 Executing VM operation: HandshakeAllThreads done
Event: 3.037 Executing VM operation: Cleanup
Event: 3.037 Executing VM operation: Cleanup done

Events (19 events):
Event: 0.027 Thread 0x000001aec9579c80 Thread added: 0x000001aec9579c80
Event: 0.037 Thread 0x000001aee9f3cf90 Thread added: 0x000001aee9f3cf90
Event: 0.037 Thread 0x000001aee9f41f40 Thread added: 0x000001aee9f41f40
Event: 0.038 Thread 0x000001aee9f45150 Thread added: 0x000001aee9f45150
Event: 0.038 Thread 0x000001aee9f48e20 Thread added: 0x000001aee9f48e20
Event: 0.038 Thread 0x000001aee9f4bc70 Thread added: 0x000001aee9f4bc70
Event: 0.038 Thread 0x000001aee9f4c750 Thread added: 0x000001aee9f4c750
Event: 0.038 Thread 0x000001aee9f55710 Thread added: 0x000001aee9f55710
Event: 0.038 Thread 0x000001aee9f617b0 Thread added: 0x000001aee9f617b0
Event: 0.111 Thread 0x000001aeee51f910 Thread added: 0x000001aeee51f910
Event: 0.114 Thread 0x000001aeee52b2c0 Thread added: 0x000001aeee52b2c0
Event: 0.151 Thread 0x000001aeee61f9a0 Thread added: 0x000001aeee61f9a0
Event: 0.151 Thread 0x000001aeee60d4b0 Thread added: 0x000001aeee60d4b0
Event: 0.570 Thread 0x000001aeee60d4b0 Thread exited: 0x000001aeee60d4b0
Event: 0.676 Thread 0x000001aeeed97690 Thread added: 0x000001aeeed97690
Event: 1.024 Thread 0x000001aeeed97690 Thread exited: 0x000001aeeed97690
Event: 1.351 Thread 0x000001aef03767a0 Thread added: 0x000001aef03767a0
Event: 7.301 Thread 0x000001aef03767a0 Thread exited: 0x000001aef03767a0
Event: 12.228 Thread 0x000001aeee61f9a0 Thread exited: 0x000001aeee61f9a0


Dynamic libraries:
0x00007ff619620000 - 0x00007ff619630000 	C:\Program Files\Java\jdk-20\bin\java.exe
0x00007ffad2550000 - 0x00007ffad2766000 	C:\Windows\SYSTEM32\ntdll.dll
0x00007ffad1460000 - 0x00007ffad1524000 	C:\Windows\System32\KERNEL32.DLL
0x00007ffacf8a0000 - 0x00007ffacfc47000 	C:\Windows\System32\KERNELBASE.dll
0x00007ffad0160000 - 0x00007ffad0271000 	C:\Windows\System32\ucrtbase.dll
0x00007ffa9fb20000 - 0x00007ffa9fb3b000 	C:\Program Files\Java\jdk-20\bin\VCRUNTIME140.dll
0x00007ffa9f610000 - 0x00007ffa9f629000 	C:\Program Files\Java\jdk-20\bin\jli.dll
0x00007ffad2450000 - 0x00007ffad2502000 	C:\Windows\System32\ADVAPI32.dll
0x00007ffad0450000 - 0x00007ffad04f7000 	C:\Windows\System32\msvcrt.dll
0x00007ffad0b50000 - 0x00007ffad0bf8000 	C:\Windows\System32\sechost.dll
0x00007ffacf870000 - 0x00007ffacf898000 	C:\Windows\System32\bcrypt.dll
0x00007ffad09b0000 - 0x00007ffad0ac5000 	C:\Windows\System32\RPCRT4.dll
0x00007ffad2010000 - 0x00007ffad21be000 	C:\Windows\System32\USER32.dll
0x00007ffacfde0000 - 0x00007ffacfe06000 	C:\Windows\System32\win32u.dll
0x00007ffaab7f0000 - 0x00007ffaaba83000 	C:\Windows\WinSxS\amd64_microsoft.windows.common-controls_6595b64144ccf1df_6.0.22621.3235_none_270f74e173860f98\COMCTL32.dll
0x00007ffad2320000 - 0x00007ffad2349000 	C:\Windows\System32\GDI32.dll
0x00007ffacfc50000 - 0x00007ffacfd69000 	C:\Windows\System32\gdi32full.dll
0x00007ffacfe10000 - 0x00007ffacfeaa000 	C:\Windows\System32\msvcp_win.dll
0x00007ffac8890000 - 0x00007ffac889a000 	C:\Windows\SYSTEM32\VERSION.dll
0x00007ffad1fd0000 - 0x00007ffad2001000 	C:\Windows\System32\IMM32.DLL
0x00007ffaa9550000 - 0x00007ffaa955c000 	C:\Program Files\Java\jdk-20\bin\vcruntime140_1.dll
0x00007ffa86c70000 - 0x00007ffa86cfe000 	C:\Program Files\Java\jdk-20\bin\msvcp140.dll
0x00007ffa7e610000 - 0x00007ffa7f2a8000 	C:\Program Files\Java\jdk-20\bin\server\jvm.dll
0x00007ffabbc90000 - 0x00007ffabbc99000 	C:\Windows\SYSTEM32\WSOCK32.dll
0x00007ffac88c0000 - 0x00007ffac88f4000 	C:\Windows\SYSTEM32\WINMM.dll
0x00007ffad1ae0000 - 0x00007ffad1b51000 	C:\Windows\System32\WS2_32.dll
0x00007fface830000 - 0x00007fface848000 	C:\Windows\SYSTEM32\kernel.appcore.dll
0x00007ffaa8ec0000 - 0x00007ffaa8eca000 	C:\Program Files\Java\jdk-20\bin\jimage.dll
0x00007ffacd090000 - 0x00007ffacd2c3000 	C:\Windows\SYSTEM32\DBGHELP.DLL
0x00007ffad1b60000 - 0x00007ffad1ee8000 	C:\Windows\System32\combase.dll
0x00007ffad1530000 - 0x00007ffad1607000 	C:\Windows\System32\OLEAUT32.dll
0x00007ffab93d0000 - 0x00007ffab9402000 	C:\Windows\SYSTEM32\dbgcore.DLL
0x00007ffacff70000 - 0x00007ffacffe9000 	C:\Windows\System32\bcryptPrimitives.dll
0x00007ffa97ce0000 - 0x00007ffa97d06000 	C:\Program Files\Java\jdk-20\bin\java.dll
0x00007ffa863c0000 - 0x00007ffa86497000 	C:\Program Files\Java\jdk-20\bin\jsvml.dll
0x00007ffad0c00000 - 0x00007ffad145c000 	C:\Windows\System32\SHELL32.dll
0x00007ffacd780000 - 0x00007fface079000 	C:\Windows\SYSTEM32\windows.storage.dll
0x00007ffacd640000 - 0x00007ffacd77e000 	C:\Windows\SYSTEM32\wintypes.dll
0x00007ffad0890000 - 0x00007ffad0983000 	C:\Windows\System32\SHCORE.dll
0x00007ffad0360000 - 0x00007ffad03be000 	C:\Windows\System32\shlwapi.dll
0x00007ffacf7a0000 - 0x00007ffacf7c1000 	C:\Windows\SYSTEM32\profapi.dll
0x00007ffa9f530000 - 0x00007ffa9f543000 	C:\Program Files\Java\jdk-20\bin\net.dll
0x00007ffaca310000 - 0x00007ffaca446000 	C:\Windows\SYSTEM32\WINHTTP.dll
0x00007ffaced90000 - 0x00007ffacedf9000 	C:\Windows\system32\mswsock.dll
0x00007ffa97c30000 - 0x00007ffa97c46000 	C:\Program Files\Java\jdk-20\bin\nio.dll
0x00007ffa97500000 - 0x00007ffa97518000 	C:\Program Files\Java\jdk-20\bin\zip.dll
0x00007ffaceff0000 - 0x00007ffacf00b000 	C:\Windows\SYSTEM32\CRYPTSP.dll
0x00007fface7f0000 - 0x00007fface825000 	C:\Windows\system32\rsaenh.dll
0x00007ffacee90000 - 0x00007ffaceeb8000 	C:\Windows\SYSTEM32\USERENV.dll
0x00007ffacf010000 - 0x00007ffacf01c000 	C:\Windows\SYSTEM32\CRYPTBASE.dll
0x00007fface2e0000 - 0x00007fface30d000 	C:\Windows\SYSTEM32\IPHLPAPI.DLL
0x00007ffad0b40000 - 0x00007ffad0b49000 	C:\Windows\System32\NSI.dll
0x00007ffaca160000 - 0x00007ffaca179000 	C:\Windows\SYSTEM32\dhcpcsvc6.DLL
0x00007ffaca140000 - 0x00007ffaca15f000 	C:\Windows\SYSTEM32\dhcpcsvc.DLL
0x00007fface310000 - 0x00007fface409000 	C:\Windows\SYSTEM32\DNSAPI.dll
0x00007ffa7a180000 - 0x00007ffa7b72a000 	C:\Users\sayda\AppData\Local\Temp\ortools-java14104827649479140982\ortools-win32-x86-64\jniortools.dll
0x00007ffad1ef0000 - 0x00007ffad1fa0000 	C:\Windows\System32\clbcatq.dll

dbghelp: loaded successfully - version: 4.0.5 - missing functions: none
symbol engine: initialized successfully - sym options: 0x614 - pdb path: .;C:\Program Files\Java\jdk-20\bin;C:\Windows\SYSTEM32;C:\Windows\WinSxS\amd64_microsoft.windows.common-controls_6595b64144ccf1df_6.0.22621.3235_none_270f74e173860f98;C:\Program Files\Java\jdk-20\bin\server;C:\Users\sayda\AppData\Local\Temp\ortools-java14104827649479140982\ortools-win32-x86-64

VM Arguments:
jvm_args: -Dfile.encoding=windows-1252 -Duser.country=US -Duser.language=en -Duser.variant 
java_command: com.sarmich.timetable.google.or.generate.Main
java_class_path (initial): D:\IdeaProjects\timetable-java\build\classes\java\main;D:\IdeaProjects\timetable-java\build\resources\main;C:\Users\sayda\.gradle\caches\modules-2\files-2.1\org.passay\passay\1.6.2\69a88b1b7fda70367015996ecbeef0a422d8130a\passay-1.6.2.jar;C:\Users\sayda\.gradle\caches\modules-2\files-2.1\org.springdoc\springdoc-openapi-starter-webmvc-ui\2.1.0\f31615e90b61d18a46a701d5c10e9e505a49a984\springdoc-openapi-starter-webmvc-ui-2.1.0.jar;C:\Users\sayda\.gradle\caches\modules-2\files-2.1\io.jsonwebtoken\jjwt\0.9.1\54d2abfc3e63a28824d35bf600d6a5d627da681a\jjwt-0.9.1.jar;C:\Users\sayda\.gradle\caches\modules-2\files-2.1\io.jsonwebtoken\jjwt-api\0.11.5\f742940045619d06383e7df37b21ac422b476cf1\jjwt-api-0.11.5.jar;C:\Users\sayda\.gradle\caches\modules-2\files-2.1\javax.xml.bind\jaxb-api\2.4.0-b180830.0359\b54184b7dcab2031add3f525550c7f1b7e12209d\jaxb-api-2.4.0-b180830.0359.jar;C:\Users\sayda\.gradle\caches\modules-2\files-2.1\com.google.ortools\ortools-java\9.9.3963\24c9015d1b70c332db26e3eb645384594897d3b7\ortools-java-9.9.3963.jar;C:\Users\sayda\.gradle\caches\modules-2\files-2.1\org.mapstruct\mapstruct\1.5.3.Final\5f5d063858957ef086858bc3d003f702082297f3\mapstruct-1.5.3.Final.jar;C:\Users\sayda\.gradle\caches\modules-2\files-2.1\org.projectlombok\lombok-mapstruct-binding\0.1.0\58d622d7a4f58328dfe474491a573191bddcac5e\lombok-mapstruct-binding-0.1.0.jar;C:\Users\sayda\.gradle\caches\modules-2\files-2.1\org.springframework.boot\spring-boot-starter-data-jpa\3.2.0\6a8ad077a37f8a0cef6949dcfd91a9b2115cade\spring-boot-starter-data-jpa-3.2.0.jar;C:\Users\sayda\.gradle\caches\modules-2\files-2.1\org.springframework.boot\spring-boot-starter-mail\3.2.0\b0041b752da83b51d2de07d4e347897d07e66c6a\spring-boot-starter-mail-3.2.0.jar;C:\Users\sayda\.gradle\caches\modules-2\files-2.1\org.springframework.boot\spring-boot-starter-security\3.2.0\c692cc94ac3b5bfa9eb47fa04afa5b570a5b24b2\spring-boot-starter-security-3.2.0.jar;C:\Users\sayda\.gradle\caches\modules-2\files-2.1\org.springframework.boot\spring-boot-starter-validation\3.2.0\eef38598ccf9bbcd541c644e934939144cf9fa85\spring-boot-starter-validation-3.2.0.jar;C:\Users\sayda\.gradle\caches\modules-2\files-2.1\org.springframework.boot\spring-boot-starter-web-services\3.2.0\c120df204fcd527984947785556b5b00da932724\spring-boot-starter-web-services-3.2.0.jar;C:\Users\sayda\.gradle\caches\modules-2\files-2.1\org.postgresql\postgresql\42.6.0\7614cfce466145b84972781ab0079b8dea49e363\postgresql-42.6.0.jar;C:\Users\sayda\.gradle\caches\modules-2\files-2.1\org.springdoc\springdoc-openapi-starter-webmvc-api\2.1.0\966fa4ae5e4fbd559062df6b7cb2ec2e9cf23a20\springdoc-openapi-starter-webmvc-api-2.1.0.jar;C:\Users\sayda\.gradle\caches\modules-2\files-2.1\org.webjars\swagger-ui\4.18.2\2347d066b71cd3d20789b6d143829680b3123d81\swagger-ui-4.18.2.jar;C:\Users\sayda\.gradle\caches\modules-2\files-2.1\org.springdoc\springdoc-openapi-starter-common\2.1.0\5c66d613cf1a505be1a8b92e60a481dea2c9552c\springdoc-openapi-starter-common-2.1.0.jar;C:\Users\sayda\.gradle\caches\modules-2\files-2.1\io.swagger.core.v3\swagger-core-jakarta\2.2.9\c6a36f687fb5fc7160469b8b69463e270024e3e2\swagger-core-jakarta-2.2.9.jar;C:\Users\sayda\.gradle\caches\modules-2\files-2.1\io.swagger.core.v3\swagger-models-jakarta\2.2.9\29f6936e387e42762bdab01938b848a16ead0821\swagger-models-jakarta-2.2.9.jar;C:\Users\sayda\.gradle\caches\modules-2\files-2.1\com.fasterxml.jackson.datatype\jackson-datatype-jsr310\2.15.3\4a20a0e104931bfa72f24ef358c2eb63f1ef2aaf\jackson-datatype-jsr310-2.15.3.jar;C:\Users\sayda\.gradle\caches\modules-2\files-2.1\com.fasterxml.jackson.core\jackson-annotations\2.15.3\79baf4e605eb3bbb60b1c475d44a7aecceea1d60\jackson-annotations-2.15.3.jar;C:\Users\sayda\.gradle\caches\modules-2\files-2.1\org.springframework.boot\spring-boot-starter-web\3.2.0\e609f839e7c2ff9c90bc75d7c05dbcbb19315319\spring-boot-starter-web-3.2.0.jar;C:\Users\sayda\.gradle\caches\modules-2\files-2.1\org.springframework.boot\spring-boot-starter-json\3.2.0\e831483c03433b987cc9c72f8ea67757f9865191\spring-boot-starter-json-3.2.0.jar;C:\Users\sayda\.gradle\caches\modules-2\files-2.1\com.fasterxml.jackson.datatype\jackson-datatype-jdk8\2.15.3\80158cb020c7bd4e4ba94d8d752a65729dc943b2\jackson-datatype-jdk8-2.15.3.jar;C:\Users\sayda\.gradle\caches\modules-2\files-2.1\com.fasterxml.jackson.module\jackson-module-parameter-names\2.15.3\8d251b90c5358677e7d8161e0c2488e6f84f49da\jackson-module-parameter-names-2.15.3.jar;C:\Users\sayda\.gradle\caches\modules-2\files-2.1\com.fasterxml.jackson.dataformat\jackson-dataformat-yaml\2.15.3\2c928259effc818986c7e46c58de5dbfee6ae4ac\jackson-dataformat-yaml-2.15.3.jar;C:\Users\sayda\.gradle\caches\modules-2\files-2.1\com.fasterxml.jackson.core\jackson-core\2.15.3\60d600567c1862840397bf9ff5a92398edc5797b\jackson-core-2.15.3.jar;C:\Users\sayda\.gradle\caches\modules-2\files-2.1\com.fasterxml.jackson.core\jackson-databind\2.15.3\a734bc2c47a9453c4efa772461a3aeb273c010d9\jackson-databind-2.15.3.jar;C:\Users\sayda\.gradle\caches\modules-2\files-2.1\javax.activation\javax.activation-api\1.2.0\85262acf3ca9816f9537ca47d5adeabaead7cb16\javax.activation-api-1.2.0.jar;C:\Users\sayda\.gradle\caches\modules-2\files-2.1\com.google.ortools\ortools-linux-x86-64\9.9.3963\78ebd1cb03fbe412de8e288e8b2a3151f6309023\ortools-linux-x86-64-9.9.3963.jar;C:\Users\sayda\.gradle\caches\modules-2\files-2.1\com.google.ortools\ortools-darwin-x86-64\9.9.3963\70b15b3953d0fd74ad3e3bb204586e7de8fda50a\ortools-darwin-x86-64-9.9.3963.jar;C:\Users\sayda\.gradle\caches\modules-2\files-2.1\com.google.ortools\ortools-win32-x86-64\9.9.3963\5bb04b9a4e2181bb94f1ec6947601256a2a9a640\ortools-win32-x86-64-9.9.3963.jar;C:\Users\sayda\.gradle\caches\modules-2\files-2.1\com.google.ortools\ortools-linux-aarch64\9.9.3963\ea4df267de1f0ee744e933f29366a0c7b4e83682\ortools-linux-aarch64-9.9.3963.jar;C:\Users\sayda\.gradle\caches\modules-2\files-2.1\com.google.ortools\ortools-darwin-aarch64\9.9.3963\627ddb7ce947cff61b1a7cfb83b739b8577c8aa8\ortools-darwin-aarch64-9.9.3963.jar;C:\Users\sayda\.gradle\caches\modules-2\files-2.1\net.java.dev.jna\jna-platform\5.14.0\28934d48aed814f11e4c584da55c49fa7032b31b\jna-platform-5.14.0.jar;C:\Users\sayda\.gradle\caches\modules-2\files-2.1\com.google.protobuf\protobuf-java\3.25.3\d3200261955f3298e0d85c9892201e70492ce8eb\protobuf-java-3.25.3.jar;C:\Users\sayda\.gradle\caches\modules-2\files-2.1\org.springframework.boot\spring-boot-starter-aop\3.2.0\1c4e5498a0ae4c179d0c192e9b674ac656f3e0b9\spring-boot-starter-aop-3.2.0.jar;C:\Users\sayda\.gradle\caches\modules-2\files-2.1\org.springframework.boot\spring-boot-starter-jdbc\3.2.0\1ab4ef09c814142be2fafc6d40c9bc242921ca12\spring-boot-starter-jdbc-3.2.0.jar;C:\Users\sayda\.gradle\caches\modules-2\files-2.1\org.hibernate.orm\hibernate-core\6.3.1.Final\1101d7e09e4853a110fd27a6f35c906f5709ac4f\hibernate-core-6.3.1.Final.jar;C:\Users\sayda\.gradle\caches\modules-2\files-2.1\org.springframework.data\spring-data-jpa\3.2.0\59e49a0eca3d02c3dc593e7a881c19b932641894\spring-data-jpa-3.2.0.jar;C:\Users\sayda\.gradle\caches\modules-2\files-2.1\org.springframework\spring-aspects\6.1.1\bfcb6682e205b4ef6ae7986ac7ea35eae29f31f4\spring-aspects-6.1.1.jar;C:\Users\sayda\.gradle\caches\modules-2\files-2.1\org.springframework.boot\spring-boot-starter\3.2.0\4d0cc70617a9febbbc6ad81562e930d93f7b2665\spring-boot-starter-3.2.0.jar;C:\Users\sayda\.gradle\caches\modules-2\files-2.1\org.springframework\spring-context-support\6.1.1\b24f79e495719e0a47affab13724bf7a6e1d8941\spring-context-support-6.1.1.jar;C:\Users\sayda\.gradle\caches\modules-2\files-2.1\org.eclipse.angus\jakarta.mail\2.0.2\c73e4d70a62a1184eb01e989d6544082ee5e0362\jakarta.mail-2.0.2.jar;C:\Users\sayda\.gradle\caches\modules-2\files-2.1\org.springframework.security\spring-security-config\6.2.0\bcfe1e3d9aaa2cdfc46e48ae6c22dccfca5d77da\spring-security-config-6.2.0.jar;C:\Users\sayda\.gradle\caches\modules-2\files-2.1\org.springframework.security\spring-security-web\6.2.0\279f836f90d0b7d394abe115e5504b2ff4b66643\spring-security-web-6.2.0.jar;C:\Users\sayda\.gradle\caches\modules-2\files-2.1\org.springframework.ws\spring-ws-core\4.0.8\ac770fbe55889fcfca9a896f4f1ff7f512b93985\spring-ws-core-4.0.8.jar;C:\Users\sayda\.gradle\caches\modules-2\files-2.1\org.springframework\spring-webmvc\6.1.1\76c4408b67828aa9656f5955dc2c1c4c0e1b6da3\spring-webmvc-6.1.1.jar;C:\Users\sayda\.gradle\caches\modules-2\files-2.1\org.springframework.boot\spring-boot-autoconfigure\3.2.0\29b231378146bd6606e75389297f3a7d55476b87\spring-boot-autoconfigure-3.2.0.jar;C:\Users\sayda\.gradle\caches\modules-2\files-2.1\org.springframework.boot\spring-boot\3.2.0\4088ad23df91481bc7415cbfa068c423ccb7e54e\spring-boot-3.2.0.jar;C:\Users\sayda\.gradle\caches\modules-2\files-2.1\org.springframework.security\spring-security-core\6.2.0\7542f0da00c7bbe5a3f32a8710490a62c396ff52\spring-security-core-6.2.0.jar;C:\Users\sayda\.gradle\caches\modules-2\files-2.1\org.springframework.ws\spring-xml\4.0.8\647906caa3f84d20fc397d609451dc61ba2245ff\spring-xml-4.0.8.jar;C:\Users\sayda\.gradle\caches\modules-2\files-2.1\org.springframework\spring-context\6.1.1\610d7dd3f62d22d42b993a201e3110649b68e17\spring-context-6.1.1.jar;C:\Users\sayda\.gradle\caches\modules-2\files-2.1\org.springframework\spring-aop\6.1.1\66cb0e08770d4523ae3976b0b791cde767466c61\spring-aop-6.1.1.jar;C:\Users\sayda\.gradle\caches\modules-2\files-2.1\org.springframework.boot\spring-boot-starter-tomcat\3.2.0\fc758099e394fe5646d9e36883fab38da4b26e22\spring-boot-starter-tomcat-3.2.0.jar;C:\Users\sayda\.gradle\caches\modules-2\files-2.1\org.apache.tomcat.embed\tomcat-embed-el\10.1.16\f057e54bfffe99df7f0d04cd4e688e55bf8a0da5\tomcat-embed-el-10.1.16.jar;C:\Users\sayda\.gradle\caches\modules-2\files-2.1\org.hibernate.validator\hibernate-validator\8.0.1.Final\e49e116b3d3928060599b176b3538bb848718e95\hibernate-validator-8.0.1.Final.jar;C:\Users\sayda\.gradle\caches\modules-2\files-2.1\com.sun.xml.messaging.saaj\saaj-impl\3.0.3\767c56b728ab653247e7f6d5f7f0e6d827ff11ee\saaj-impl-3.0.3.jar;C:\Users\sayda\.gradle\caches\modules-2\files-2.1\jakarta.xml.ws\jakarta.xml.ws-api\4.0.1\cd70069d89a628e8759173f7dcd933035bd777dc\jakarta.xml.ws-api-4.0.1.jar;C:\Users\sayda\.gradle\caches\modules-2\files-2.1\org.springframework\spring-oxm\6.1.1\2940702b9f9d4396abb9abe28229eda49edf54fe\spring-oxm-6.1.1.jar;C:\Users\sayda\.gradle\caches\modules-2\files-2.1\org.checkerframework\checker-qual\3.31.0\eeefd4af42e2f4221d145c1791582f91868f99ab\checker-qual-3.31.0.jar;C:\Users\sayda\.gradle\caches\modules-2\files-2.1\net.java.dev.jna\jna\5.14.0\67bf3eaea4f0718cb376a181a629e5f88fa1c9dd\jna-5.14.0.jar;C:\Users\sayda\.gradle\caches\modules-2\files-2.1\org.aspectj\aspectjweaver\1.9.20.1\33b0e41476658229933eec7134678cf336e66dd4\aspectjweaver-1.9.20.1.jar;C:\Users\sayda\.gradle\caches\modules-2\files-2.1\com.zaxxer\HikariCP\5.0.1\a74c7f0a37046846e88d54f7cb6ea6d565c65f9c\HikariCP-5.0.1.jar;C:\Users\sayda\.gradle\caches\modules-2\files-2.1\org.springframework\spring-orm\6.1.1\e9672bb788f74ed12f9ad9e2bf12eb9e4d7c8695\spring-orm-6.1.1.jar;C:\Users\sayda\.gradle\caches\modules-2\files-2.1\org.springframework\spring-jdbc\6.1.1\92f1f65c3d8ccee4a86cd8f85a446d99f2915833\spring-jdbc-6.1.1.jar;C:\Users\sayda\.gradle\caches\modules-2\files-2.1\jakarta.persistence\jakarta.persistence-api\3.1.0\66901fa1c373c6aff65c13791cc11da72060a8d6\jakarta.persistence-api-3.1.0.jar;C:\Users\sayda\.gradle\caches\modules-2\files-2.1\jakarta.transaction\jakarta.transaction-api\2.0.1\51a520e3fae406abb84e2e1148e6746ce3f80a1a\jakarta.transaction-api-2.0.1.jar;C:\Users\sayda\.gradle\caches\modules-2\files-2.1\org.jboss.logging\jboss-logging\3.5.3.Final\c88fc1d8a96d4c3491f55d4317458ccad53ca663\jboss-logging-3.5.3.Final.jar;C:\Users\sayda\.gradle\caches\modules-2\files-2.1\org.hibernate.common\hibernate-commons-annotations\6.0.6.Final\77a5f94b56d49508e0ee334751db5b78e5ccd50c\hibernate-commons-annotations-6.0.6.Final.jar;C:\Users\sayda\.gradle\caches\modules-2\files-2.1\io.smallrye\jandex\3.1.2\a6c1c89925c7df06242b03dddb353116ceb9584c\jandex-3.1.2.jar;C:\Users\sayda\.gradle\caches\modules-2\files-2.1\com.fasterxml\classmate\1.6.0\91affab6f84a2182fce5dd72a8d01bc14346dddd\classmate-1.6.0.jar;C:\Users\sayda\.gradle\caches\modules-2\files-2.1\net.bytebuddy\byte-buddy\1.14.10\8117daf4a612122eb4f517f66adff778cb8b4737\byte-buddy-1.14.10.jar;C:\Users\sayda\.gradle\caches\modules-2\files-2.1\org.glassfish.jaxb\jaxb-runtime\4.0.4\7180c50ef8bd127bb1dd645458b906cffcf6c2b5\jaxb-runtime-4.0.4.jar;C:\Users\sayda\.gradle\caches\modules-2\files-2.1\org.glassfish.jaxb\jaxb-core\4.0.4\2d5aadd02af86f1e9d8c6f7e8501673f915d4e25\jaxb-core-4.0.4.jar;C:\Users\sayda\.gradle\caches\modules-2\files-2.1\jakarta.xml.bind\jakarta.xml.bind-api\4.0.1\ca2330866cbc624c7e5ce982e121db1125d23e15\jakarta.xml.bind-api-4.0.1.jar;C:\Users\sayda\.gradle\caches\modules-2\files-2.1\jakarta.inject\jakarta.inject-api\2.0.1\4c28afe1991a941d7702fe1362c365f0a8641d1e\jakarta.inject-api-2.0.1.jar;C:\Users\sayda\.gradle\caches\modules-2\files-2.1\org.antlr\antlr4-runtime\4.10.1\10839f875928f59c622d675091d51a43ea0dc5f7\antlr4-runtime-4.10.1.jar;C:\Users\sayda\.gradle\caches\modules-2\files-2.1\org.springframework.data\spring-data-commons\3.2.0\1c98c48b9fde0624337e19f3577fce20d19b78ea\spring-data-commons-3.2.0.jar;C:\Users\sayda\.gradle\caches\modules-2\files-2.1\org.springframework\spring-tx\6.1.1\100cf99c3e41b12eab810d780c0e6e3905c51c12\spring-tx-6.1.1.jar;C:\Users\sayda\.gradle\caches\modules-2\files-2.1\org.springframework\spring-web\6.1.1\4eeb5f2edb9f04d00357edcc56b59d3874b3b453\spring-web-6.1.1.jar;C:\Users\sayda\.gradle\caches\modules-2\files-2.1\org.springframework\spring-beans\6.1.1\6af88af13193acf2197bc0a42f0ec4e5c481bfe9\spring-beans-6.1.1.jar;C:\Users\sayda\.gradle\caches\modules-2\files-2.1\org.springframework\spring-expression\6.1.1\807700a64cb055ed85af189d1fa0702bc0d2efba\spring-expression-6.1.1.jar;C:\Users\sayda\.gradle\caches\modules-2\files-2.1\org.springframework\spring-core\6.1.1\22d73bef97aff8a74a992716fe1aafc8f8a8a68d\spring-core-6.1.1.jar;C:\Users\sayda\.gradle\caches\modules-2\files-2.1\jakarta.annotation\jakarta.annotation-api\2.1.1\48b9bda22b091b1f48b13af03fe36db3be6e1ae3\jakarta.annotation-api-2.1.1.jar;C:\Users\sayda\.gradle\caches\modules-2\files-2.1\org.springframework.boot\spring-boot-starter-logging\3.2.0\54998ab18f16e8d3a6e46c3d326f2de41c0b1ce0\spring-boot-starter-logging-3.2.0.jar;C:\Users\sayda\.gradle\caches\modules-2\files-2.1\ch.qos.logback\logback-classic\1.4.11\54450c0c783e896a1a6d88c043bd2f1daba1c382\logback-classic-1.4.11.jar;C:\Users\sayda\.gradle\caches\modules-2\files-2.1\org.apache.logging.log4j\log4j-to-slf4j\2.21.1\d77b2ba81711ed596cd797cc2b5b5bd7409d841c\log4j-to-slf4j-2.21.1.jar;C:\Users\sayda\.gradle\caches\modules-2\files-2.1\org.slf4j\jul-to-slf4j\2.0.9\9ef7c70b248185845f013f49a33ff9ca65b7975\jul-to-slf4j-2.0.9.jar;C:\Users\sayda\.gradle\caches\modules-2\files-2.1\org.slf4j\slf4j-api\2.0.9\7cf2726fdcfbc8610f9a71fb3ed639871f315340\slf4j-api-2.0.9.jar;C:\Users\sayda\.gradle\caches\modules-2\files-2.1\org.yaml\snakeyaml\2.2\3af797a25458550a16bf89acc8e4ab2b7f2bfce0\snakeyaml-2.2.jar;C:\Users\sayda\.gradle\caches\modules-2\files-2.1\org.eclipse.angus\angus-activation\2.0.1\eaafaf4eb71b400e4136fc3a286f50e34a68ecb7\angus-activation-2.0.1.jar;C:\Users\sayda\.gradle\caches\modules-2\files-2.1\jakarta.xml.soap\jakarta.xml.soap-api\3.0.1\f96df5961c8bb8260daddec1b07ee5757939a3a2\jakarta.xml.soap-api-3.0.1.jar;C:\Users\sayda\.gradle\caches\modules-2\files-2.1\org.jvnet.staxex\stax-ex\2.1.0\33160568d70c01da407f8ba982bacf283d00ad4a\stax-ex-2.1.0.jar;C:\Users\sayda\.gradle\caches\modules-2\files-2.1\jakarta.activation\jakarta.activation-api\2.1.2\640c0d5aff45dbff1e1a1bc09673ff3a02b1ba12\jakarta.activation-api-2.1.2.jar;C:\Users\sayda\.gradle\caches\modules-2\files-2.1\jakarta.validation\jakarta.validation-api\3.0.2\92b6631659ba35ca09e44874d3eb936edfeee532\jakarta.validation-api-3.0.2.jar;C:\Users\sayda\.gradle\caches\modules-2\files-2.1\io.micrometer\micrometer-observation\1.12.0\4f4981faa7968441d0092107df9b750e057374af\micrometer-observation-1.12.0.jar;C:\Users\sayda\.gradle\caches\modules-2\files-2.1\org.springframework\spring-jcl\6.1.1\69ebbf7bad707d34e81d00213c756bc6fcc31dd7\spring-jcl-6.1.1.jar;C:\Users\sayda\.gradle\caches\modules-2\files-2.1\org.springframework.security\spring-security-crypto\6.2.0\7cee6007ede44a19a3773912dbdac86ff53d0549\spring-security-crypto-6.2.0.jar;C:\Users\sayda\.gradle\caches\modules-2\files-2.1\org.apache.tomcat.embed\tomcat-embed-websocket\10.1.16\5c372739ee9409b47c474d8d47d276a7cd9bc2b\tomcat-embed-websocket-10.1.16.jar;C:\Users\sayda\.gradle\caches\modules-2\files-2.1\org.apache.tomcat.embed\tomcat-embed-core\10.1.16\176162fb3998856a90436826034ffe5d25beaeb9\tomcat-embed-core-10.1.16.jar;C:\Users\sayda\.gradle\caches\modules-2\files-2.1\org.apache.commons\commons-lang3\3.13.0\b7263237aa89c1f99b327197c41d0669707a462e\commons-lang3-3.13.0.jar;C:\Users\sayda\.gradle\caches\modules-2\files-2.1\io.swagger.core.v3\swagger-annotations-jakarta\2.2.9\63d247840bb786dd37edd9dd5f3916aba545b44\swagger-annotations-jakarta-2.2.9.jar;C:\Users\sayda\.gradle\caches\modules-2\files-2.1\org.glassfish.jaxb\txw2\4.0.4\cfd2bcf08782673ac370694fdf2cf76dbaa607ef\txw2-4.0.4.jar;C:\Users\sayda\.gradle\caches\modules-2\files-2.1\com.sun.istack\istack-commons-runtime\4.1.2\18ec117c85f3ba0ac65409136afa8e42bc74e739\istack-commons-runtime-4.1.2.jar;C:\Users\sayda\.gradle\caches\modules-2\files-2.1\io.micrometer\micrometer-commons\1.12.0\2436654d439bd4ff6aad6419519357be8ba4f0d\micrometer-commons-1.12.0.jar;C:\Users\sayda\.gradle\caches\modules-2\files-2.1\ch.qos.logback\logback-core\1.4.11\2f9f280219a9922a74200eaf7138c4c17fb87c0f\logback-core-1.4.11.jar;C:\Users\sayda\.gradle\caches\modules-2\files-2.1\org.apache.logging.log4j\log4j-api\2.21.1\74c65e87b9ce1694a01524e192d7be989ba70486\log4j-api-2.21.1.jar
Launcher Type: SUN_STANDARD

[Global flags]
     intx CICompilerCount                          = 4                                         {product} {ergonomic}
     uint ConcGCThreads                            = 2                                         {product} {ergonomic}
     uint G1ConcRefinementThreads                  = 8                                         {product} {ergonomic}
   size_t G1HeapRegionSize                         = 4194304                                   {product} {ergonomic}
    uintx GCDrainStackTargetSize                   = 64                                        {product} {ergonomic}
   size_t InitialHeapSize                          = 331350016                                 {product} {ergonomic}
   size_t MarkStackSize                            = 4194304                                   {product} {ergonomic}
   size_t MaxHeapSize                              = 5301600256                                {product} {ergonomic}
   size_t MaxNewSize                               = 3179282432                                {product} {ergonomic}
   size_t MinHeapDeltaBytes                        = 4194304                                   {product} {ergonomic}
   size_t MinHeapSize                              = 8388608                                   {product} {ergonomic}
    uintx NonNMethodCodeHeapSize                   = 5839372                                {pd product} {ergonomic}
    uintx NonProfiledCodeHeapSize                  = 122909434                              {pd product} {ergonomic}
    uintx ProfiledCodeHeapSize                     = 122909434                              {pd product} {ergonomic}
    uintx ReservedCodeCacheSize                    = 251658240                              {pd product} {ergonomic}
     bool SegmentedCodeCache                       = true                                      {product} {ergonomic}
   size_t SoftMaxHeapSize                          = 5301600256                             {manageable} {ergonomic}
     bool UseCompressedClassPointers               = true                           {product lp64_product} {ergonomic}
     bool UseCompressedOops                        = true                           {product lp64_product} {ergonomic}
     bool UseG1GC                                  = true                                      {product} {ergonomic}
     bool UseLargePagesIndividualAllocation        = false                                  {pd product} {ergonomic}

Logging:
Log output configuration:
 #0: stdout all=warning uptime,level,tags foldmultilines=false
 #1: stderr all=off uptime,level,tags foldmultilines=false

Environment Variables:
PATH=C:\Program Files\Common Files\Oracle\Java\javapath;C:\Windows\system32;C:\Windows;C:\Windows\System32\Wbem;C:\Windows\System32\WindowsPowerShell\v1.0\;C:\Windows\System32\OpenSSH\;C:\Program Files\Docker\Docker\resources\bin;C:\Program Files (x86)\Bitvise SSH Client;C:\Program Files\Git\cmd;C:\Program Files\Microsoft SQL Server\120\Tools\Binn\;C:\Users\sayda\AppData\Local\Programs\Python\Launcher\;C:\Users\sayda\AppData\Local\Microsoft\WindowsApps;
USERNAME=sayda
OS=Windows_NT
PROCESSOR_IDENTIFIER=Intel64 Family 6 Model 140 Stepping 1, GenuineIntel
TMP=C:\Users\sayda\AppData\Local\Temp
TEMP=C:\Users\sayda\AppData\Local\Temp




---------------  S Y S T E M  ---------------

OS:
 Windows 11 , 64 bit Build 22621 (10.0.22621.3374)
OS uptime: 2 days 8:22 hours
Hyper-V role detected

CPU: total 8 (initial active 8) (4 cores per cpu, 2 threads per core) family 6 model 140 stepping 1 microcode 0xac, cx8, cmov, fxsr, ht, mmx, 3dnowpref, sse, sse2, sse3, ssse3, sse4.1, sse4.2, popcnt, lzcnt, tsc, tscinvbit, avx, avx2, aes, erms, clmul, bmi1, bmi2, adx, avx512f, avx512dq, avx512cd, avx512bw, avx512vl, sha, fma, vzeroupper, avx512_vpopcntdq, avx512_vpclmulqdq, avx512_vaes, avx512_vnni, clflush, clflushopt, clwb, avx512_vbmi2, avx512_vbmi, hv, rdtscp, rdpid, fsrm, gfni, avx512_bitalg, f16c, cet_ibt, cet_ss, avx512_ifma

Memory: 4k page, system-wide physical 20220M (9133M free)
TotalPageFile size 30460M (AvailPageFile size 17413M)
current process WorkingSet (physical memory assigned to process): 852M, peak: 857M
current process commit charge ("private bytes"): 1492M, peak: 1498M

vm_info: Java HotSpot(TM) 64-Bit Server VM (20.0.2+9-78) for windows-amd64 JRE (20.0.2+9-78), built on 2023-06-14T10:08:48Z by "mach5one" with MS VC++ 17.1 (VS2022)

END.
